gpgv: Signature made Sat 17 Sep 2016 06:40:00 AM CDT
gpgv:                using RSA key 8B48AD6246925553
gpgv: Good signature from "Debian Archive Automatic Signing Key (7.0/wheezy) <ftpmaster@debian.org>"
gpgv: Signature made Sat 17 Sep 2016 06:40:00 AM CDT
gpgv:                using RSA key 7638D0442B90D010
gpgv: Good signature from "Debian Archive Automatic Signing Key (8/jessie) <ftpmaster@debian.org>"
gpgv: Signature made Sat 17 Sep 2016 06:47:09 AM CDT
gpgv:                using RSA key CBF8D6FD518E17E1
gpgv: Good signature from "Jessie Stable Release Key <debian-release@lists.debian.org>"
dpkg: warning: parsing file '/var/lib/dpkg/status' near line 5 package 'dpkg':
 missing description
dpkg: warning: parsing file '/var/lib/dpkg/status' near line 5 package 'dpkg':
 missing architecture
Selecting previously unselected package base-passwd.
(Reading database ... 0 files and directories currently installed.)
Preparing to unpack .../base-passwd_3.5.37_armhf.deb ...
Unpacking base-passwd (3.5.37) ...
dpkg: base-passwd: dependency problems, but configuring anyway as you requested:
 base-passwd depends on libc6 (>= 2.8); however:
  Package libc6 is not installed.
 base-passwd depends on libdebconfclient0 (>= 0.145); however:
  Package libdebconfclient0 is not installed.

Setting up base-passwd (3.5.37) ...
locale: Cannot set LC_CTYPE to default locale: No such file or directory
locale: Cannot set LC_MESSAGES to default locale: No such file or directory
locale: Cannot set LC_ALL to default locale: No such file or directory
dpkg: warning: parsing file '/var/lib/dpkg/status' near line 24 package 'dpkg':
 missing description
dpkg: warning: parsing file '/var/lib/dpkg/status' near line 24 package 'dpkg':
 missing architecture
Selecting previously unselected package base-files.
dpkg: regarding .../base-files_8+deb8u6_armhf.deb containing base-files, pre-dependency problem:
 base-files pre-depends on awk
  awk is not installed.

dpkg: warning: ignoring pre-dependency problem!
(Reading database ... 41 files and directories currently installed.)
Preparing to unpack .../base-files_8+deb8u6_armhf.deb ...
Unpacking base-files (8+deb8u6) ...
dpkg: base-files: dependency problems, but configuring anyway as you requested:
 base-files depends on awk; however:
  Package awk is not installed.

Setting up base-files (8+deb8u6) ...
dpkg: warning: parsing file '/var/lib/dpkg/status' near line 50 package 'dpkg':
 missing description
dpkg: warning: parsing file '/var/lib/dpkg/status' near line 50 package 'dpkg':
 missing architecture
dpkg: regarding .../dpkg_1.17.27_armhf.deb containing dpkg, pre-dependency problem:
 dpkg pre-depends on libbz2-1.0
  libbz2-1.0 is not installed.

dpkg: warning: ignoring pre-dependency problem!
dpkg: regarding .../dpkg_1.17.27_armhf.deb containing dpkg, pre-dependency problem:
 dpkg pre-depends on libc6 (>= 2.11)
  libc6 is not installed.

dpkg: warning: ignoring pre-dependency problem!
dpkg: regarding .../dpkg_1.17.27_armhf.deb containing dpkg, pre-dependency problem:
 dpkg pre-depends on liblzma5 (>= 5.1.1alpha+20120614)
  liblzma5 is not installed.

dpkg: warning: ignoring pre-dependency problem!
dpkg: regarding .../dpkg_1.17.27_armhf.deb containing dpkg, pre-dependency problem:
 dpkg pre-depends on libselinux1 (>= 2.3)
  libselinux1 is not installed.

dpkg: warning: ignoring pre-dependency problem!
dpkg: regarding .../dpkg_1.17.27_armhf.deb containing dpkg, pre-dependency problem:
 dpkg pre-depends on zlib1g (>= 1:1.1.4)
  zlib1g is not installed.

dpkg: warning: ignoring pre-dependency problem!
dpkg: regarding .../dpkg_1.17.27_armhf.deb containing dpkg, pre-dependency problem:
 dpkg pre-depends on tar (>= 1.23)
  tar is not installed.

dpkg: warning: ignoring pre-dependency problem!
(Reading database ... 117 files and directories currently installed.)
Preparing to unpack .../dpkg_1.17.27_armhf.deb ...
Unpacking dpkg (1.17.27) over (1.17.27) ...
dpkg: dpkg: dependency problems, but configuring anyway as you requested:
 dpkg depends on libbz2-1.0; however:
  Package libbz2-1.0 is not installed.
 dpkg depends on libc6 (>= 2.11); however:
  Package libc6 is not installed.
 dpkg depends on liblzma5 (>= 5.1.1alpha+20120614); however:
  Package liblzma5 is not installed.
 dpkg depends on libselinux1 (>= 2.3); however:
  Package libselinux1 is not installed.
 dpkg depends on zlib1g (>= 1:1.1.4); however:
  Package zlib1g is not installed.
 dpkg depends on tar (>= 1.23); however:
  Package tar is not installed.

Setting up dpkg (1.17.27) ...
Selecting previously unselected package libc6:armhf.
(Reading database ... 380 files and directories currently installed.)
Preparing to unpack .../libc6_2.19-18+deb8u6_armhf.deb ...
Unpacking libc6:armhf (2.19-18+deb8u6) ...
dpkg: libc6:armhf: dependency problems, but configuring anyway as you requested:
 libc6:armhf depends on libgcc1; however:
  Package libgcc1 is not installed.

Setting up libc6:armhf (2.19-18+deb8u6) ...
Selecting previously unselected package perl-base.
(Reading database ... 697 files and directories currently installed.)
Preparing to unpack .../perl-base_5.20.2-3+deb8u6_armhf.deb ...
Unpacking perl-base (5.20.2-3+deb8u6) ...
Setting up perl-base (5.20.2-3+deb8u6) ...
Selecting previously unselected package mawk.
(Reading database ... 1272 files and directories currently installed.)
Preparing to unpack .../mawk_1.3.3-17_armhf.deb ...
Unpacking mawk (1.3.3-17) ...
Setting up mawk (1.3.3-17) ...
Selecting previously unselected package debconf.
(Reading database ... 1291 files and directories currently installed.)
Preparing to unpack .../debconf_1.5.56_all.deb ...
Unpacking debconf (1.5.56) ...
Setting up debconf (1.5.56) ...
locale: Cannot set LC_CTYPE to default locale: No such file or directory
locale: Cannot set LC_MESSAGES to default locale: No such file or directory
locale: Cannot set LC_ALL to default locale: No such file or directory
Selecting previously unselected package acl.
(Reading database ... 1469 files and directories currently installed.)
Preparing to unpack .../acl_2.2.52-2_armhf.deb ...
Unpacking acl (2.2.52-2) ...
Selecting previously unselected package libacl1:armhf.
dpkg: regarding .../libacl1_2.2.52-2_armhf.deb containing libacl1:armhf, pre-dependency problem:
 libacl1 pre-depends on multiarch-support
  multiarch-support is not installed.

dpkg: warning: ignoring pre-dependency problem!
Preparing to unpack .../libacl1_2.2.52-2_armhf.deb ...
Unpacking libacl1:armhf (2.2.52-2) ...
Selecting previously unselected package adduser.
Preparing to unpack .../adduser_3.113+nmu3_all.deb ...
Unpacking adduser (3.113+nmu3) ...
Selecting previously unselected package libattr1:armhf.
dpkg: regarding .../libattr1_1%3a2.4.47-2_armhf.deb containing libattr1:armhf, pre-dependency problem:
 libattr1 pre-depends on multiarch-support
  multiarch-support is not installed.

dpkg: warning: ignoring pre-dependency problem!
Preparing to unpack .../libattr1_1%3a2.4.47-2_armhf.deb ...
Unpacking libattr1:armhf (1:2.4.47-2) ...
Selecting previously unselected package libaudit-common.
Preparing to unpack .../libaudit-common_1%3a2.4-1_all.deb ...
Unpacking libaudit-common (1:2.4-1) ...
Selecting previously unselected package libaudit1:armhf.
dpkg: regarding .../libaudit1_1%3a2.4-1+b1_armhf.deb containing libaudit1:armhf, pre-dependency problem:
 libaudit1 pre-depends on multiarch-support
  multiarch-support is not installed.

dpkg: warning: ignoring pre-dependency problem!
Preparing to unpack .../libaudit1_1%3a2.4-1+b1_armhf.deb ...
Unpacking libaudit1:armhf (1:2.4-1+b1) ...
Preparing to unpack .../base-files_8+deb8u6_armhf.deb ...
Unpacking base-files (8+deb8u6) over (8+deb8u6) ...
Preparing to unpack .../base-passwd_3.5.37_armhf.deb ...
Unpacking base-passwd (3.5.37) over (3.5.37) ...
Selecting previously unselected package bash.
dpkg: regarding .../bash_4.3-11+b1_armhf.deb containing bash, pre-dependency problem:
 bash pre-depends on dash (>= 0.5.5.1-2.2)
  dash is not installed.

dpkg: warning: ignoring pre-dependency problem!
dpkg: regarding .../bash_4.3-11+b1_armhf.deb containing bash, pre-dependency problem:
 bash pre-depends on libncurses5 (>= 5.5-5~)
  libncurses5 is not installed.

dpkg: warning: ignoring pre-dependency problem!
dpkg: regarding .../bash_4.3-11+b1_armhf.deb containing bash, pre-dependency problem:
 bash pre-depends on libtinfo5
  libtinfo5 is not installed.

dpkg: warning: ignoring pre-dependency problem!
Preparing to unpack .../bash_4.3-11+b1_armhf.deb ...
Unpacking bash (4.3-11+b1) ...
Selecting previously unselected package libbz2-1.0:armhf.
dpkg: regarding .../libbz2-1.0_1.0.6-7+b3_armhf.deb containing libbz2-1.0:armhf, pre-dependency problem:
 libbz2-1.0 pre-depends on multiarch-support
  multiarch-support is not installed.

dpkg: warning: ignoring pre-dependency problem!
Preparing to unpack .../libbz2-1.0_1.0.6-7+b3_armhf.deb ...
Unpacking libbz2-1.0:armhf (1.0.6-7+b3) ...
Selecting previously unselected package libdebconfclient0:armhf.
dpkg: regarding .../libdebconfclient0_0.192_armhf.deb containing libdebconfclient0:armhf, pre-dependency problem:
 libdebconfclient0 pre-depends on multiarch-support
  multiarch-support is not installed.

dpkg: warning: ignoring pre-dependency problem!
Preparing to unpack .../libdebconfclient0_0.192_armhf.deb ...
Unpacking libdebconfclient0:armhf (0.192) ...
Selecting previously unselected package coreutils.
dpkg: regarding .../coreutils_8.23-4_armhf.deb containing coreutils, pre-dependency problem:
 coreutils pre-depends on libacl1 (>= 2.2.51-8)
  libacl1:armhf is unpacked, but has never been configured.

dpkg: warning: ignoring pre-dependency problem!
dpkg: regarding .../coreutils_8.23-4_armhf.deb containing coreutils, pre-dependency problem:
 coreutils pre-depends on libattr1 (>= 1:2.4.46-8)
  libattr1:armhf is unpacked, but has never been configured.

dpkg: warning: ignoring pre-dependency problem!
dpkg: regarding .../coreutils_8.23-4_armhf.deb containing coreutils, pre-dependency problem:
 coreutils pre-depends on libselinux1 (>= 2.1.13)
  libselinux1 is not installed.

dpkg: warning: ignoring pre-dependency problem!
Preparing to unpack .../coreutils_8.23-4_armhf.deb ...
Unpacking coreutils (8.23-4) ...
Selecting previously unselected package libcryptsetup4:armhf.
Preparing to unpack .../libcryptsetup4_2%3a1.6.6-5_armhf.deb ...
Unpacking libcryptsetup4:armhf (2:1.6.6-5) ...
Selecting previously unselected package dash.
Preparing to unpack .../dash_0.5.7-4+b1_armhf.deb ...
/bin/bash: warning: setlocale: LC_ALL: cannot change locale (en_US.UTF-8)
Adding 'diversion of /bin/sh to /bin/sh.distrib by dash'
Adding 'diversion of /usr/share/man/man1/sh.1.gz to /usr/share/man/man1/sh.distrib.1.gz by dash'
Unpacking dash (0.5.7-4+b1) ...
Selecting previously unselected package libdb5.3:armhf.
dpkg: regarding .../libdb5.3_5.3.28-9_armhf.deb containing libdb5.3:armhf, pre-dependency problem:
 libdb5.3 pre-depends on multiarch-support
  multiarch-support is not installed.

dpkg: warning: ignoring pre-dependency problem!
Preparing to unpack .../libdb5.3_5.3.28-9_armhf.deb ...
Unpacking libdb5.3:armhf (5.3.28-9) ...
Preparing to unpack .../debconf_1.5.56_all.deb ...
Unpacking debconf (1.5.56) over (1.5.56) ...
Selecting previously unselected package debconf-i18n.
Preparing to unpack .../debconf-i18n_1.5.56_all.deb ...
Unpacking debconf-i18n (1.5.56) ...
Selecting previously unselected package debianutils.
Preparing to unpack .../debianutils_4.4+b1_armhf.deb ...
Unpacking debianutils (4.4+b1) ...
Selecting previously unselected package diffutils.
Preparing to unpack .../diffutils_1%3a3.3-1+b1_armhf.deb ...
Unpacking diffutils (1:3.3-1+b1) ...
dpkg: regarding .../dpkg_1.17.27_armhf.deb containing dpkg, pre-dependency problem:
 dpkg pre-depends on libbz2-1.0
  libbz2-1.0:armhf is unpacked, but has never been configured.

dpkg: warning: ignoring pre-dependency problem!
dpkg: regarding .../dpkg_1.17.27_armhf.deb containing dpkg, pre-dependency problem:
 dpkg pre-depends on liblzma5 (>= 5.1.1alpha+20120614)
  liblzma5 is not installed.

dpkg: warning: ignoring pre-dependency problem!
dpkg: regarding .../dpkg_1.17.27_armhf.deb containing dpkg, pre-dependency problem:
 dpkg pre-depends on libselinux1 (>= 2.3)
  libselinux1 is not installed.

dpkg: warning: ignoring pre-dependency problem!
dpkg: regarding .../dpkg_1.17.27_armhf.deb containing dpkg, pre-dependency problem:
 dpkg pre-depends on zlib1g (>= 1:1.1.4)
  zlib1g is not installed.

dpkg: warning: ignoring pre-dependency problem!
dpkg: regarding .../dpkg_1.17.27_armhf.deb containing dpkg, pre-dependency problem:
 dpkg pre-depends on tar (>= 1.23)
  tar is not installed.

dpkg: warning: ignoring pre-dependency problem!
Preparing to unpack .../dpkg_1.17.27_armhf.deb ...
Unpacking dpkg (1.17.27) over (1.17.27) ...
Selecting previously unselected package e2fslibs:armhf.
dpkg: regarding .../e2fslibs_1.42.12-2_armhf.deb containing e2fslibs:armhf, pre-dependency problem:
 e2fslibs pre-depends on multiarch-support
  multiarch-support is not installed.

dpkg: warning: ignoring pre-dependency problem!
Preparing to unpack .../e2fslibs_1.42.12-2_armhf.deb ...
Unpacking e2fslibs:armhf (1.42.12-2) ...
Selecting previously unselected package e2fsprogs.
dpkg: regarding .../e2fsprogs_1.42.12-2_armhf.deb containing e2fsprogs, pre-dependency problem:
 e2fsprogs pre-depends on e2fslibs (= 1.42.12-2)
  e2fslibs:armhf is unpacked, but has never been configured.

dpkg: warning: ignoring pre-dependency problem!
dpkg: regarding .../e2fsprogs_1.42.12-2_armhf.deb containing e2fsprogs, pre-dependency problem:
 e2fsprogs pre-depends on libblkid1 (>= 2.17.2)
  libblkid1 is not installed.

dpkg: warning: ignoring pre-dependency problem!
dpkg: regarding .../e2fsprogs_1.42.12-2_armhf.deb containing e2fsprogs, pre-dependency problem:
 e2fsprogs pre-depends on libcomerr2 (>= 1.42~WIP-2011-10-05-1)
  libcomerr2 is not installed.

dpkg: warning: ignoring pre-dependency problem!
dpkg: regarding .../e2fsprogs_1.42.12-2_armhf.deb containing e2fsprogs, pre-dependency problem:
 e2fsprogs pre-depends on libss2 (>= 1.34-1)
  libss2 is not installed.

dpkg: warning: ignoring pre-dependency problem!
dpkg: regarding .../e2fsprogs_1.42.12-2_armhf.deb containing e2fsprogs, pre-dependency problem:
 e2fsprogs pre-depends on libuuid1 (>= 2.16)
  libuuid1 is not installed.

dpkg: warning: ignoring pre-dependency problem!
dpkg: regarding .../e2fsprogs_1.42.12-2_armhf.deb containing e2fsprogs, pre-dependency problem:
 e2fsprogs pre-depends on util-linux (>= 2.15~rc1-1)
  util-linux is not installed.

dpkg: warning: ignoring pre-dependency problem!
Preparing to unpack .../e2fsprogs_1.42.12-2_armhf.deb ...
Unpacking e2fsprogs (1.42.12-2) ...
Selecting previously unselected package libcomerr2:armhf.
dpkg: regarding .../libcomerr2_1.42.12-2_armhf.deb containing libcomerr2:armhf, pre-dependency problem:
 libcomerr2 pre-depends on multiarch-support
  multiarch-support is not installed.

dpkg: warning: ignoring pre-dependency problem!
Preparing to unpack .../libcomerr2_1.42.12-2_armhf.deb ...
Unpacking libcomerr2:armhf (1.42.12-2) ...
Selecting previously unselected package libss2:armhf.
dpkg: regarding .../libss2_1.42.12-2_armhf.deb containing libss2:armhf, pre-dependency problem:
 libss2 pre-depends on multiarch-support
  multiarch-support is not installed.

dpkg: warning: ignoring pre-dependency problem!
Preparing to unpack .../libss2_1.42.12-2_armhf.deb ...
Unpacking libss2:armhf (1.42.12-2) ...
Selecting previously unselected package findutils.
Preparing to unpack .../findutils_4.4.2-9+b1_armhf.deb ...
Unpacking findutils (4.4.2-9+b1) ...
Selecting previously unselected package gcc-4.8-base:armhf.
Preparing to unpack .../gcc-4.8-base_4.8.4-1_armhf.deb ...
Unpacking gcc-4.8-base:armhf (4.8.4-1) ...
Selecting previously unselected package gcc-4.9-base:armhf.
Preparing to unpack .../gcc-4.9-base_4.9.2-10_armhf.deb ...
Unpacking gcc-4.9-base:armhf (4.9.2-10) ...
Selecting previously unselected package libgcc1:armhf.
dpkg: regarding .../libgcc1_1%3a4.9.2-10_armhf.deb containing libgcc1:armhf, pre-dependency problem:
 libgcc1 pre-depends on multiarch-support
  multiarch-support is not installed.

dpkg: warning: ignoring pre-dependency problem!
Preparing to unpack .../libgcc1_1%3a4.9.2-10_armhf.deb ...
Unpacking libgcc1:armhf (1:4.9.2-10) ...
Selecting previously unselected package libc-bin.
Preparing to unpack .../libc-bin_2.19-18+deb8u6_armhf.deb ...
Unpacking libc-bin (2.19-18+deb8u6) ...
Preparing to unpack .../libc6_2.19-18+deb8u6_armhf.deb ...
Unpacking libc6:armhf (2.19-18+deb8u6) over (2.19-18+deb8u6) ...
Selecting previously unselected package multiarch-support.
Preparing to unpack .../multiarch-support_2.19-18+deb8u6_armhf.deb ...
Unpacking multiarch-support (2.19-18+deb8u6) ...
Selecting previously unselected package grep.
dpkg: regarding .../grep_2.20-4.1_armhf.deb containing grep, pre-dependency problem:
 grep pre-depends on libpcre3 (>= 1:8.35)
  libpcre3 is not installed.

dpkg: warning: ignoring pre-dependency problem!
Preparing to unpack .../grep_2.20-4.1_armhf.deb ...
Unpacking grep (2.20-4.1) ...
Selecting previously unselected package gzip.
Preparing to unpack .../archives/gzip_1.6-4_armhf.deb ...
Unpacking gzip (1.6-4) ...
Selecting previously unselected package hostname.
Preparing to unpack .../hostname_3.15_armhf.deb ...
Unpacking hostname (3.15) ...
Selecting previously unselected package init.
dpkg: regarding .../archives/init_1.22_armhf.deb containing init, pre-dependency problem:
 init pre-depends on systemd-sysv | sysvinit-core | upstart
  systemd-sysv is not installed.
  sysvinit-core is not installed.
  upstart is not installed.

dpkg: warning: ignoring pre-dependency problem!
Preparing to unpack .../archives/init_1.22_armhf.deb ...
Unpacking init (1.22) ...
Selecting previously unselected package insserv.
Preparing to unpack .../insserv_1.14.0-5_armhf.deb ...
Unpacking insserv (1.14.0-5) ...
Selecting previously unselected package libkmod2:armhf.
dpkg: regarding .../libkmod2_18-3_armhf.deb containing libkmod2:armhf, pre-dependency problem:
 libkmod2 pre-depends on multiarch-support
  multiarch-support is unpacked, but has never been configured.

dpkg: warning: ignoring pre-dependency problem!
Preparing to unpack .../libkmod2_18-3_armhf.deb ...
Unpacking libkmod2:armhf (18-3) ...
Selecting previously unselected package libcap2:armhf.
dpkg: regarding .../libcap2_1%3a2.24-8_armhf.deb containing libcap2:armhf, pre-dependency problem:
 libcap2 pre-depends on multiarch-support
  multiarch-support is unpacked, but has never been configured.

dpkg: warning: ignoring pre-dependency problem!
Preparing to unpack .../libcap2_1%3a2.24-8_armhf.deb ...
Unpacking libcap2:armhf (1:2.24-8) ...
Selecting previously unselected package libcap2-bin.
Preparing to unpack .../libcap2-bin_1%3a2.24-8_armhf.deb ...
Unpacking libcap2-bin (1:2.24-8) ...
Selecting previously unselected package libgcrypt20:armhf.
dpkg: regarding .../libgcrypt20_1.6.3-2+deb8u2_armhf.deb containing libgcrypt20:armhf, pre-dependency problem:
 libgcrypt20 pre-depends on multiarch-support
  multiarch-support is unpacked, but has never been configured.

dpkg: warning: ignoring pre-dependency problem!
Preparing to unpack .../libgcrypt20_1.6.3-2+deb8u2_armhf.deb ...
Unpacking libgcrypt20:armhf (1.6.3-2+deb8u2) ...
Selecting previously unselected package libgpg-error0:armhf.
dpkg: regarding .../libgpg-error0_1.17-3_armhf.deb containing libgpg-error0:armhf, pre-dependency problem:
 libgpg-error0 pre-depends on multiarch-support
  multiarch-support is unpacked, but has never been configured.

dpkg: warning: ignoring pre-dependency problem!
Preparing to unpack .../libgpg-error0_1.17-3_armhf.deb ...
Unpacking libgpg-error0:armhf (1.17-3) ...
Selecting previously unselected package liblocale-gettext-perl.
Preparing to unpack .../liblocale-gettext-perl_1.05-8+b1_armhf.deb ...
Unpacking liblocale-gettext-perl (1.05-8+b1) ...
Selecting previously unselected package libselinux1:armhf.
dpkg: regarding .../libselinux1_2.3-2_armhf.deb containing libselinux1:armhf, pre-dependency problem:
 libselinux1 pre-depends on multiarch-support
  multiarch-support is unpacked, but has never been configured.

dpkg: warning: ignoring pre-dependency problem!
Preparing to unpack .../libselinux1_2.3-2_armhf.deb ...
Unpacking libselinux1:armhf (2.3-2) ...
Selecting previously unselected package libsemanage-common.
Preparing to unpack .../libsemanage-common_2.3-1_all.deb ...
Unpacking libsemanage-common (2.3-1) ...
Selecting previously unselected package libsemanage1:armhf.
dpkg: regarding .../libsemanage1_2.3-1+b1_armhf.deb containing libsemanage1:armhf, pre-dependency problem:
 libsemanage1 pre-depends on multiarch-support
  multiarch-support is unpacked, but has never been configured.

dpkg: warning: ignoring pre-dependency problem!
Preparing to unpack .../libsemanage1_2.3-1+b1_armhf.deb ...
Unpacking libsemanage1:armhf (2.3-1+b1) ...
Selecting previously unselected package libsepol1:armhf.
dpkg: regarding .../libsepol1_2.3-2_armhf.deb containing libsepol1:armhf, pre-dependency problem:
 libsepol1 pre-depends on multiarch-support
  multiarch-support is unpacked, but has never been configured.

dpkg: warning: ignoring pre-dependency problem!
Preparing to unpack .../libsepol1_2.3-2_armhf.deb ...
Unpacking libsepol1:armhf (2.3-2) ...
Selecting previously unselected package libtext-charwidth-perl.
Preparing to unpack .../libtext-charwidth-perl_0.04-7+b4_armhf.deb ...
Unpacking libtext-charwidth-perl (0.04-7+b4) ...
Selecting previously unselected package libtext-iconv-perl.
Preparing to unpack .../libtext-iconv-perl_1.7-5+b2_armhf.deb ...
Unpacking libtext-iconv-perl (1.7-5+b2) ...
Selecting previously unselected package libtext-wrapi18n-perl.
Preparing to unpack .../libtext-wrapi18n-perl_0.06-7_all.deb ...
Unpacking libtext-wrapi18n-perl (0.06-7) ...
Selecting previously unselected package lsb-base.
Preparing to unpack .../lsb-base_4.1+Debian13+nmu1_all.deb ...
Unpacking lsb-base (4.1+Debian13+nmu1) ...
Selecting previously unselected package dmsetup.
Preparing to unpack .../dmsetup_2%3a1.02.90-2.2+deb8u1_armhf.deb ...
Unpacking dmsetup (2:1.02.90-2.2+deb8u1) ...
Selecting previously unselected package libdevmapper1.02.1:armhf.
dpkg: regarding .../libdevmapper1.02.1_2%3a1.02.90-2.2+deb8u1_armhf.deb containing libdevmapper1.02.1:armhf, pre-dependency problem:
 libdevmapper1.02.1 pre-depends on multiarch-support
  multiarch-support is unpacked, but has never been configured.

dpkg: warning: ignoring pre-dependency problem!
Preparing to unpack .../libdevmapper1.02.1_2%3a1.02.90-2.2+deb8u1_armhf.deb ...
Unpacking libdevmapper1.02.1:armhf (2:1.02.90-2.2+deb8u1) ...
Preparing to unpack .../mawk_1.3.3-17_armhf.deb ...
Unpacking mawk (1.3.3-17) over (1.3.3-17) ...
Selecting previously unselected package libncurses5:armhf.
dpkg: regarding .../libncurses5_5.9+20140913-1+b1_armhf.deb containing libncurses5:armhf, pre-dependency problem:
 libncurses5 pre-depends on multiarch-support
  multiarch-support is unpacked, but has never been configured.

dpkg: warning: ignoring pre-dependency problem!
dpkg: regarding .../libncurses5_5.9+20140913-1+b1_armhf.deb containing libncurses5:armhf, pre-dependency problem:
 libncurses5 pre-depends on libtinfo5 (>= 5.9-3)
  libtinfo5 is not installed.

dpkg: warning: ignoring pre-dependency problem!
Preparing to unpack .../libncurses5_5.9+20140913-1+b1_armhf.deb ...
Unpacking libncurses5:armhf (5.9+20140913-1+b1) ...
Selecting previously unselected package libncursesw5:armhf.
dpkg: regarding .../libncursesw5_5.9+20140913-1+b1_armhf.deb containing libncursesw5:armhf, pre-dependency problem:
 libncursesw5 pre-depends on multiarch-support
  multiarch-support is unpacked, but has never been configured.

dpkg: warning: ignoring pre-dependency problem!
Preparing to unpack .../libncursesw5_5.9+20140913-1+b1_armhf.deb ...
Unpacking libncursesw5:armhf (5.9+20140913-1+b1) ...
Selecting previously unselected package libtinfo5:armhf.
dpkg: regarding .../libtinfo5_5.9+20140913-1+b1_armhf.deb containing libtinfo5:armhf, pre-dependency problem:
 libtinfo5 pre-depends on multiarch-support
  multiarch-support is unpacked, but has never been configured.

dpkg: warning: ignoring pre-dependency problem!
Preparing to unpack .../libtinfo5_5.9+20140913-1+b1_armhf.deb ...
Unpacking libtinfo5:armhf (5.9+20140913-1+b1) ...
Selecting previously unselected package ncurses-base.
Preparing to unpack .../ncurses-base_5.9+20140913-1_all.deb ...
Unpacking ncurses-base (5.9+20140913-1) ...
Selecting previously unselected package ncurses-bin.
dpkg: regarding .../ncurses-bin_5.9+20140913-1+b1_armhf.deb containing ncurses-bin, pre-dependency problem:
 ncurses-bin pre-depends on libtinfo5 (>= 5.9+20130119)
  libtinfo5:armhf is unpacked, but has never been configured.

dpkg: warning: ignoring pre-dependency problem!
Preparing to unpack .../ncurses-bin_5.9+20140913-1+b1_armhf.deb ...
Unpacking ncurses-bin (5.9+20140913-1+b1) ...
Selecting previously unselected package libpam-modules:armhf.
dpkg: regarding .../libpam-modules_1.1.8-3.1+deb8u1+b1_armhf.deb containing libpam-modules:armhf, pre-dependency problem:
 libpam-modules pre-depends on libaudit1 (>= 1:2.2.1)
  libaudit1:armhf is unpacked, but has never been configured.

dpkg: warning: ignoring pre-dependency problem!
dpkg: regarding .../libpam-modules_1.1.8-3.1+deb8u1+b1_armhf.deb containing libpam-modules:armhf, pre-dependency problem:
 libpam-modules pre-depends on libdb5.3
  libdb5.3:armhf is unpacked, but has never been configured.

dpkg: warning: ignoring pre-dependency problem!
dpkg: regarding .../libpam-modules_1.1.8-3.1+deb8u1+b1_armhf.deb containing libpam-modules:armhf, pre-dependency problem:
 libpam-modules pre-depends on libpam0g (>= 1.1.3-2)
  libpam0g is not installed.

dpkg: warning: ignoring pre-dependency problem!
dpkg: regarding .../libpam-modules_1.1.8-3.1+deb8u1+b1_armhf.deb containing libpam-modules:armhf, pre-dependency problem:
 libpam-modules pre-depends on libselinux1 (>= 2.1.9)
  libselinux1:armhf is unpacked, but has never been configured.

dpkg: warning: ignoring pre-dependency problem!
dpkg: regarding .../libpam-modules_1.1.8-3.1+deb8u1+b1_armhf.deb containing libpam-modules:armhf, pre-dependency problem:
 libpam-modules pre-depends on libpam-modules-bin (= 1.1.8-3.1+deb8u1+b1)
  libpam-modules-bin is not installed.

dpkg: warning: ignoring pre-dependency problem!
Preparing to unpack .../libpam-modules_1.1.8-3.1+deb8u1+b1_armhf.deb ...
locale: Cannot set LC_CTYPE to default locale: No such file or directory
locale: Cannot set LC_MESSAGES to default locale: No such file or directory
locale: Cannot set LC_ALL to default locale: No such file or directory
Unpacking libpam-modules:armhf (1.1.8-3.1+deb8u1+b1) ...
Selecting previously unselected package libpam-modules-bin.
Preparing to unpack .../libpam-modules-bin_1.1.8-3.1+deb8u1+b1_armhf.deb ...
Unpacking libpam-modules-bin (1.1.8-3.1+deb8u1+b1) ...
Selecting previously unselected package libpam-runtime.
Preparing to unpack .../libpam-runtime_1.1.8-3.1+deb8u1_all.deb ...
Unpacking libpam-runtime (1.1.8-3.1+deb8u1) ...
Selecting previously unselected package libpam0g:armhf.
dpkg: regarding .../libpam0g_1.1.8-3.1+deb8u1+b1_armhf.deb containing libpam0g:armhf, pre-dependency problem:
 libpam0g pre-depends on multiarch-support
  multiarch-support is unpacked, but has never been configured.

dpkg: warning: ignoring pre-dependency problem!
Preparing to unpack .../libpam0g_1.1.8-3.1+deb8u1+b1_armhf.deb ...
Unpacking libpam0g:armhf (1.1.8-3.1+deb8u1+b1) ...
Selecting previously unselected package libpcre3:armhf.
dpkg: regarding .../libpcre3_2%3a8.35-3.3+deb8u4_armhf.deb containing libpcre3:armhf, pre-dependency problem:
 libpcre3 pre-depends on multiarch-support
  multiarch-support is unpacked, but has never been configured.

dpkg: warning: ignoring pre-dependency problem!
Preparing to unpack .../libpcre3_2%3a8.35-3.3+deb8u4_armhf.deb ...
Unpacking libpcre3:armhf (2:8.35-3.3+deb8u4) ...
Preparing to unpack .../perl-base_5.20.2-3+deb8u6_armhf.deb ...
Unpacking perl-base (5.20.2-3+deb8u6) over (5.20.2-3+deb8u6) ...
Selecting previously unselected package libprocps3:armhf.
dpkg: regarding .../libprocps3_2%3a3.3.9-9_armhf.deb containing libprocps3:armhf, pre-dependency problem:
 libprocps3 pre-depends on multiarch-support
  multiarch-support is unpacked, but has never been configured.

dpkg: warning: ignoring pre-dependency problem!
Preparing to unpack .../libprocps3_2%3a3.3.9-9_armhf.deb ...
Unpacking libprocps3:armhf (2:3.3.9-9) ...
Selecting previously unselected package procps.
Preparing to unpack .../procps_2%3a3.3.9-9_armhf.deb ...
Unpacking procps (2:3.3.9-9) ...
Selecting previously unselected package sed.
dpkg: regarding .../sed_4.2.2-4+b1_armhf.deb containing sed, pre-dependency problem:
 sed pre-depends on libselinux1 (>= 1.32)
  libselinux1:armhf is unpacked, but has never been configured.

dpkg: warning: ignoring pre-dependency problem!
Preparing to unpack .../sed_4.2.2-4+b1_armhf.deb ...
Unpacking sed (4.2.2-4+b1) ...
Selecting previously unselected package sensible-utils.
Preparing to unpack .../sensible-utils_0.0.9_all.deb ...
Unpacking sensible-utils (0.0.9) ...
Selecting previously unselected package login.
dpkg: regarding .../login_1%3a4.2-3+deb8u1_armhf.deb containing login, pre-dependency problem:
 login pre-depends on libaudit1 (>= 1:2.2.1)
  libaudit1:armhf is unpacked, but has never been configured.

dpkg: warning: ignoring pre-dependency problem!
dpkg: regarding .../login_1%3a4.2-3+deb8u1_armhf.deb containing login, pre-dependency problem:
 login pre-depends on libpam0g (>= 0.99.7.1)
  libpam0g:armhf is unpacked, but has never been configured.

dpkg: warning: ignoring pre-dependency problem!
dpkg: regarding .../login_1%3a4.2-3+deb8u1_armhf.deb containing login, pre-dependency problem:
 login pre-depends on libpam-runtime
  libpam-runtime is unpacked, but has never been configured.

dpkg: warning: ignoring pre-dependency problem!
dpkg: regarding .../login_1%3a4.2-3+deb8u1_armhf.deb containing login, pre-dependency problem:
 login pre-depends on libpam-modules (>= 1.1.8-1)
  libpam-modules:armhf is unpacked, but has never been configured.

dpkg: warning: ignoring pre-dependency problem!
Preparing to unpack .../login_1%3a4.2-3+deb8u1_armhf.deb ...
Unpacking login (1:4.2-3+deb8u1) ...
Selecting previously unselected package passwd.
Preparing to unpack .../passwd_1%3a4.2-3+deb8u1_armhf.deb ...
Unpacking passwd (1:4.2-3+deb8u1) ...
Selecting previously unselected package libslang2:armhf.
dpkg: regarding .../libslang2_2.3.0-2_armhf.deb containing libslang2:armhf, pre-dependency problem:
 libslang2 pre-depends on multiarch-support
  multiarch-support is unpacked, but has never been configured.

dpkg: warning: ignoring pre-dependency problem!
Preparing to unpack .../libslang2_2.3.0-2_armhf.deb ...
Unpacking libslang2:armhf (2.3.0-2) ...
Selecting previously unselected package startpar.
Preparing to unpack .../startpar_0.59-3_armhf.deb ...
Unpacking startpar (0.59-3) ...
Selecting previously unselected package libsystemd0:armhf.
dpkg: regarding .../libsystemd0_215-17+deb8u5_armhf.deb containing libsystemd0:armhf, pre-dependency problem:
 libsystemd0 pre-depends on libgcrypt20 (>= 1.6.1)
  libgcrypt20:armhf is unpacked, but has never been configured.

dpkg: warning: ignoring pre-dependency problem!
dpkg: regarding .../libsystemd0_215-17+deb8u5_armhf.deb containing libsystemd0:armhf, pre-dependency problem:
 libsystemd0 pre-depends on liblzma5 (>= 5.1.1alpha+20120614)
  liblzma5 is not installed.

dpkg: warning: ignoring pre-dependency problem!
dpkg: regarding .../libsystemd0_215-17+deb8u5_armhf.deb containing libsystemd0:armhf, pre-dependency problem:
 libsystemd0 pre-depends on multiarch-support
  multiarch-support is unpacked, but has never been configured.

dpkg: warning: ignoring pre-dependency problem!
Preparing to unpack .../libsystemd0_215-17+deb8u5_armhf.deb ...
Unpacking libsystemd0:armhf (215-17+deb8u5) ...
Selecting previously unselected package libudev1:armhf.
dpkg: regarding .../libudev1_215-17+deb8u5_armhf.deb containing libudev1:armhf, pre-dependency problem:
 libudev1 pre-depends on multiarch-support
  multiarch-support is unpacked, but has never been configured.

dpkg: warning: ignoring pre-dependency problem!
Preparing to unpack .../libudev1_215-17+deb8u5_armhf.deb ...
Unpacking libudev1:armhf (215-17+deb8u5) ...
Selecting previously unselected package systemd.
dpkg: regarding .../systemd_215-17+deb8u5_armhf.deb containing systemd, pre-dependency problem:
 systemd pre-depends on libgcrypt20 (>= 1.6.1)
  libgcrypt20:armhf is unpacked, but has never been configured.

dpkg: warning: ignoring pre-dependency problem!
dpkg: regarding .../systemd_215-17+deb8u5_armhf.deb containing systemd, pre-dependency problem:
 systemd pre-depends on liblzma5 (>= 5.1.1alpha+20120614)
  liblzma5 is not installed.

dpkg: warning: ignoring pre-dependency problem!
dpkg: regarding .../systemd_215-17+deb8u5_armhf.deb containing systemd, pre-dependency problem:
 systemd pre-depends on libselinux1 (>= 1.32)
  libselinux1:armhf is unpacked, but has never been configured.

dpkg: warning: ignoring pre-dependency problem!
Preparing to unpack .../systemd_215-17+deb8u5_armhf.deb ...
Unpacking systemd (215-17+deb8u5) ...
Selecting previously unselected package systemd-sysv.
dpkg: regarding .../systemd-sysv_215-17+deb8u5_armhf.deb containing systemd-sysv, pre-dependency problem:
 systemd-sysv pre-depends on systemd
  systemd is unpacked, but has never been configured.

dpkg: warning: ignoring pre-dependency problem!
Preparing to unpack .../systemd-sysv_215-17+deb8u5_armhf.deb ...
Unpacking systemd-sysv (215-17+deb8u5) ...
Selecting previously unselected package udev.
Preparing to unpack .../udev_215-17+deb8u5_armhf.deb ...
locale: Cannot set LC_CTYPE to default locale: No such file or directory
locale: Cannot set LC_MESSAGES to default locale: No such file or directory
locale: Cannot set LC_ALL to default locale: No such file or directory
Unpacking udev (215-17+deb8u5) ...
Selecting previously unselected package initscripts.
Preparing to unpack .../initscripts_2.88dsf-59_armhf.deb ...
Unpacking initscripts (2.88dsf-59) ...
Selecting previously unselected package sysv-rc.
Preparing to unpack .../sysv-rc_2.88dsf-59_all.deb ...
Unpacking sysv-rc (2.88dsf-59) ...
Selecting previously unselected package sysvinit-utils.
Preparing to unpack .../sysvinit-utils_2.88dsf-59_armhf.deb ...
Unpacking sysvinit-utils (2.88dsf-59) ...
Selecting previously unselected package tar.
dpkg: regarding .../tar_1.27.1-2+b1_armhf.deb containing tar, pre-dependency problem:
 tar pre-depends on libacl1 (>= 2.2.51-8)
  libacl1:armhf is unpacked, but has never been configured.

dpkg: warning: ignoring pre-dependency problem!
dpkg: regarding .../tar_1.27.1-2+b1_armhf.deb containing tar, pre-dependency problem:
 tar pre-depends on libselinux1 (>= 1.32)
  libselinux1:armhf is unpacked, but has never been configured.

dpkg: warning: ignoring pre-dependency problem!
Preparing to unpack .../tar_1.27.1-2+b1_armhf.deb ...
Unpacking tar (1.27.1-2+b1) ...
Selecting previously unselected package tzdata.
Preparing to unpack .../tzdata_2016f-0+deb8u1_all.deb ...
Unpacking tzdata (2016f-0+deb8u1) ...
Selecting previously unselected package libustr-1.0-1:armhf.
dpkg: regarding .../libustr-1.0-1_1.0.4-3+b2_armhf.deb containing libustr-1.0-1:armhf, pre-dependency problem:
 libustr-1.0-1 pre-depends on multiarch-support
  multiarch-support is unpacked, but has never been configured.

dpkg: warning: ignoring pre-dependency problem!
Preparing to unpack .../libustr-1.0-1_1.0.4-3+b2_armhf.deb ...
Unpacking libustr-1.0-1:armhf (1.0.4-3+b2) ...
Selecting previously unselected package bsdutils.
dpkg: regarding .../bsdutils_1%3a2.25.2-6_armhf.deb containing bsdutils, pre-dependency problem:
 bsdutils pre-depends on libsystemd0
  libsystemd0:armhf is unpacked, but has never been configured.

dpkg: warning: ignoring pre-dependency problem!
Preparing to unpack .../bsdutils_1%3a2.25.2-6_armhf.deb ...
Unpacking bsdutils (1:2.25.2-6) ...
Selecting previously unselected package libblkid1:armhf.
dpkg: regarding .../libblkid1_2.25.2-6_armhf.deb containing libblkid1:armhf, pre-dependency problem:
 libblkid1 pre-depends on multiarch-support
  multiarch-support is unpacked, but has never been configured.

dpkg: warning: ignoring pre-dependency problem!
Preparing to unpack .../libblkid1_2.25.2-6_armhf.deb ...
Unpacking libblkid1:armhf (2.25.2-6) ...
Selecting previously unselected package libmount1:armhf.
dpkg: regarding .../libmount1_2.25.2-6_armhf.deb containing libmount1:armhf, pre-dependency problem:
 libmount1 pre-depends on multiarch-support
  multiarch-support is unpacked, but has never been configured.

dpkg: warning: ignoring pre-dependency problem!
Preparing to unpack .../libmount1_2.25.2-6_armhf.deb ...
Unpacking libmount1:armhf (2.25.2-6) ...
Selecting previously unselected package libsmartcols1:armhf.
dpkg: regarding .../libsmartcols1_2.25.2-6_armhf.deb containing libsmartcols1:armhf, pre-dependency problem:
 libsmartcols1 pre-depends on multiarch-support
  multiarch-support is unpacked, but has never been configured.

dpkg: warning: ignoring pre-dependency problem!
Preparing to unpack .../libsmartcols1_2.25.2-6_armhf.deb ...
Unpacking libsmartcols1:armhf (2.25.2-6) ...
Selecting previously unselected package libuuid1:armhf.
dpkg: regarding .../libuuid1_2.25.2-6_armhf.deb containing libuuid1:armhf, pre-dependency problem:
 libuuid1 pre-depends on multiarch-support
  multiarch-support is unpacked, but has never been configured.

dpkg: warning: ignoring pre-dependency problem!
Preparing to unpack .../libuuid1_2.25.2-6_armhf.deb ...
Unpacking libuuid1:armhf (2.25.2-6) ...
Selecting previously unselected package mount.
dpkg: regarding .../mount_2.25.2-6_armhf.deb containing mount, pre-dependency problem:
 mount pre-depends on libmount1 (>= 2.25)
  libmount1:armhf is unpacked, but has never been configured.

dpkg: warning: ignoring pre-dependency problem!
dpkg: regarding .../mount_2.25.2-6_armhf.deb containing mount, pre-dependency problem:
 mount pre-depends on libselinux1 (>= 2.0.15)
  libselinux1:armhf is unpacked, but has never been configured.

dpkg: warning: ignoring pre-dependency problem!
dpkg: regarding .../mount_2.25.2-6_armhf.deb containing mount, pre-dependency problem:
 mount pre-depends on libsmartcols1 (>= 2.25)
  libsmartcols1:armhf is unpacked, but has never been configured.

dpkg: warning: ignoring pre-dependency problem!
Preparing to unpack .../mount_2.25.2-6_armhf.deb ...
Unpacking mount (2.25.2-6) ...
Selecting previously unselected package util-linux.
dpkg: regarding .../util-linux_2.25.2-6_armhf.deb containing util-linux, pre-dependency problem:
 util-linux pre-depends on libblkid1 (>= 2.25)
  libblkid1:armhf is unpacked, but has never been configured.

dpkg: warning: ignoring pre-dependency problem!
dpkg: regarding .../util-linux_2.25.2-6_armhf.deb containing util-linux, pre-dependency problem:
 util-linux pre-depends on libmount1 (>= 2.25)
  libmount1:armhf is unpacked, but has never been configured.

dpkg: warning: ignoring pre-dependency problem!
dpkg: regarding .../util-linux_2.25.2-6_armhf.deb containing util-linux, pre-dependency problem:
 util-linux pre-depends on libncurses5 (>= 5.5-5~)
  libncurses5:armhf is unpacked, but has never been configured.

dpkg: warning: ignoring pre-dependency problem!
dpkg: regarding .../util-linux_2.25.2-6_armhf.deb containing util-linux, pre-dependency problem:
 util-linux pre-depends on libpam0g (>= 0.99.7.1)
  libpam0g:armhf is unpacked, but has never been configured.

dpkg: warning: ignoring pre-dependency problem!
dpkg: regarding .../util-linux_2.25.2-6_armhf.deb containing util-linux, pre-dependency problem:
 util-linux pre-depends on libselinux1 (>= 1.32)
  libselinux1:armhf is unpacked, but has never been configured.

dpkg: warning: ignoring pre-dependency problem!
dpkg: regarding .../util-linux_2.25.2-6_armhf.deb containing util-linux, pre-dependency problem:
 util-linux pre-depends on libslang2 (>= 2.2.4)
  libslang2:armhf is unpacked, but has never been configured.

dpkg: warning: ignoring pre-dependency problem!
dpkg: regarding .../util-linux_2.25.2-6_armhf.deb containing util-linux, pre-dependency problem:
 util-linux pre-depends on libsmartcols1 (>= 2.25)
  libsmartcols1:armhf is unpacked, but has never been configured.

dpkg: warning: ignoring pre-dependency problem!
dpkg: regarding .../util-linux_2.25.2-6_armhf.deb containing util-linux, pre-dependency problem:
 util-linux pre-depends on libtinfo5
  libtinfo5:armhf is unpacked, but has never been configured.

dpkg: warning: ignoring pre-dependency problem!
dpkg: regarding .../util-linux_2.25.2-6_armhf.deb containing util-linux, pre-dependency problem:
 util-linux pre-depends on libuuid1 (>= 2.16)
  libuuid1:armhf is unpacked, but has never been configured.

dpkg: warning: ignoring pre-dependency problem!
dpkg: regarding .../util-linux_2.25.2-6_armhf.deb containing util-linux, pre-dependency problem:
 util-linux pre-depends on zlib1g (>= 1:1.1.4)
  zlib1g is not installed.

dpkg: warning: ignoring pre-dependency problem!
Preparing to unpack .../util-linux_2.25.2-6_armhf.deb ...
Unpacking util-linux (2.25.2-6) ...
Selecting previously unselected package liblzma5:armhf.
dpkg: regarding .../liblzma5_5.1.1alpha+20120614-2+b3_armhf.deb containing liblzma5:armhf, pre-dependency problem:
 liblzma5 pre-depends on multiarch-support
  multiarch-support is unpacked, but has never been configured.

dpkg: warning: ignoring pre-dependency problem!
Preparing to unpack .../liblzma5_5.1.1alpha+20120614-2+b3_armhf.deb ...
Unpacking liblzma5:armhf (5.1.1alpha+20120614-2+b3) ...
Selecting previously unselected package zlib1g:armhf.
dpkg: regarding .../zlib1g_1%3a1.2.8.dfsg-2+b1_armhf.deb containing zlib1g:armhf, pre-dependency problem:
 zlib1g pre-depends on multiarch-support
  multiarch-support is unpacked, but has never been configured.

dpkg: warning: ignoring pre-dependency problem!
Preparing to unpack .../zlib1g_1%3a1.2.8.dfsg-2+b1_armhf.deb ...
Unpacking zlib1g:armhf (1:1.2.8.dfsg-2+b1) ...
Setting up gcc-4.8-base:armhf (4.8.4-1) ...
Setting up lsb-base (4.1+Debian13+nmu1) ...
Setting up sensible-utils (0.0.9) ...
Setting up ncurses-base (5.9+20140913-1) ...
Setting up libsemanage-common (2.3-1) ...
Setting up gcc-4.9-base:armhf (4.9.2-10) ...
Setting up libaudit-common (1:2.4-1) ...
Setting up libc6:armhf (2.19-18+deb8u6) ...
Setting up startpar (0.59-3) ...
Setting up libc-bin (2.19-18+deb8u6) ...
Setting up diffutils (1:3.3-1+b1) ...
Setting up insserv (1.14.0-5) ...
Setting up findutils (4.4.2-9+b1) ...
Setting up debianutils (4.4+b1) ...
Setting up hostname (3.15) ...
Setting up multiarch-support (2.19-18+deb8u6) ...
Setting up mawk (1.3.3-17) ...
Setting up libprocps3:armhf (2:3.3.9-9) ...
Setting up libpcre3:armhf (2:8.35-3.3+deb8u4) ...
Setting up libbz2-1.0:armhf (1.0.6-7+b3) ...
Setting up libkmod2:armhf (18-3) ...
Setting up libgpg-error0:armhf (1.17-3) ...
Setting up base-files (8+deb8u6) ...
Setting up libdebconfclient0:armhf (0.192) ...
Setting up libselinux1:armhf (2.3-2) ...
Setting up libcomerr2:armhf (1.42.12-2) ...
Setting up libslang2:armhf (2.3.0-2) ...
Setting up libsepol1:armhf (2.3-2) ...
Setting up libgcc1:armhf (1:4.9.2-10) ...
Setting up libustr-1.0-1:armhf (1.0.4-3+b2) ...
Setting up libsmartcols1:armhf (2.25.2-6) ...
Setting up libaudit1:armhf (1:2.4-1+b1) ...
Setting up libtinfo5:armhf (5.9+20140913-1+b1) ...
Setting up libudev1:armhf (215-17+deb8u5) ...
Setting up libattr1:armhf (1:2.4.47-2) ...
Setting up libss2:armhf (1.42.12-2) ...
Setting up liblzma5:armhf (5.1.1alpha+20120614-2+b3) ...
Setting up base-passwd (3.5.37) ...
locale: Cannot set LC_CTYPE to default locale: No such file or directory
locale: Cannot set LC_MESSAGES to default locale: No such file or directory
locale: Cannot set LC_ALL to default locale: No such file or directory
Setting up e2fslibs:armhf (1.42.12-2) ...
Setting up libgcrypt20:armhf (1.6.3-2+deb8u2) ...
Setting up libncursesw5:armhf (5.9+20140913-1+b1) ...
Setting up libdb5.3:armhf (5.3.28-9) ...
Setting up zlib1g:armhf (1:1.2.8.dfsg-2+b1) ...
Setting up libcap2:armhf (1:2.24-8) ...
Setting up libsystemd0:armhf (215-17+deb8u5) ...
Setting up libdevmapper1.02.1:armhf (2:1.02.90-2.2+deb8u1) ...
Setting up libsemanage1:armhf (2.3-1+b1) ...
Setting up sysvinit-utils (2.88dsf-59) ...
Setting up libacl1:armhf (2.2.52-2) ...
Setting up ncurses-bin (5.9+20140913-1+b1) ...
Setting up acl (2.2.52-2) ...
Setting up libncurses5:armhf (5.9+20140913-1+b1) ...
Setting up libcap2-bin (1:2.24-8) ...
Setting up bsdutils (1:2.25.2-6) ...
Setting up coreutils (8.23-4) ...
Setting up tar (1.27.1-2+b1) ...
update-alternatives: using /usr/sbin/rmt-tar to provide /usr/sbin/rmt (rmt) in auto mode
Setting up dpkg (1.17.27) ...
Setting up sed (4.2.2-4+b1) ...
Setting up perl-base (5.20.2-3+deb8u6) ...
Setting up grep (2.20-4.1) ...
Setting up debconf (1.5.56) ...
locale: Cannot set LC_CTYPE to default locale: No such file or directory
locale: Cannot set LC_MESSAGES to default locale: No such file or directory
locale: Cannot set LC_ALL to default locale: No such file or directory
Setting up tzdata (2016f-0+deb8u1) ...

Current default time zone: 'Etc/UTC'
Local time is now:      Thu Oct 20 18:28:11 UTC 2016.
Universal Time is now:  Thu Oct 20 18:28:11 UTC 2016.
Run 'dpkg-reconfigure tzdata' if you wish to change it.

Setting up gzip (1.6-4) ...
Setting up dash (0.5.7-4+b1) ...
locale: Cannot set LC_CTYPE to default locale: No such file or directory
locale: Cannot set LC_MESSAGES to default locale: No such file or directory
locale: Cannot set LC_ALL to default locale: No such file or directory
Setting up libtext-iconv-perl (1.7-5+b2) ...
Setting up sysv-rc (2.88dsf-59) ...
Setting up liblocale-gettext-perl (1.05-8+b1) ...
Setting up libtext-charwidth-perl (0.04-7+b4) ...
Setting up libpam0g:armhf (1.1.8-3.1+deb8u1+b1) ...
locale: Cannot set LC_CTYPE to default locale: No such file or directory
locale: Cannot set LC_MESSAGES to default locale: No such file or directory
locale: Cannot set LC_ALL to default locale: No such file or directory
Setting up initscripts (2.88dsf-59) ...
invoke-rc.d: policy-rc.d denied execution of start.
Setting up libpam-modules-bin (1.1.8-3.1+deb8u1+b1) ...
Setting up bash (4.3-11+b1) ...
/bin/bash: warning: setlocale: LC_ALL: cannot change locale (en_US.UTF-8)
update-alternatives: using /usr/share/man/man7/bash-builtins.7.gz to provide /usr/share/man/man7/builtins.7.gz (builtins.7.gz) in auto mode
Setting up procps (2:3.3.9-9) ...
update-alternatives: using /usr/bin/w.procps to provide /usr/bin/w (w) in auto mode
invoke-rc.d: policy-rc.d denied execution of start.
Setting up libtext-wrapi18n-perl (0.06-7) ...
Setting up libpam-modules:armhf (1.1.8-3.1+deb8u1+b1) ...
Setting up libpam-runtime (1.1.8-3.1+deb8u1) ...
locale: Cannot set LC_CTYPE to default locale: No such file or directory
locale: Cannot set LC_MESSAGES to default locale: No such file or directory
locale: Cannot set LC_ALL to default locale: No such file or directory
Setting up debconf-i18n (1.5.56) ...
Setting up passwd (1:4.2-3+deb8u1) ...
Shadow passwords are now on.
Setting up login (1:4.2-3+deb8u1) ...
Setting up adduser (3.113+nmu3) ...
locale: Cannot set LC_CTYPE to default locale: No such file or directory
locale: Cannot set LC_MESSAGES to default locale: No such file or directory
locale: Cannot set LC_ALL to default locale: No such file or directory
Setting up libuuid1:armhf (2.25.2-6) ...
Setting up libblkid1:armhf (2.25.2-6) ...
Setting up libmount1:armhf (2.25.2-6) ...
Setting up util-linux (2.25.2-6) ...
update-alternatives: using /bin/more to provide /usr/bin/pager (pager) in auto mode
Setting up libcryptsetup4:armhf (2:1.6.6-5) ...
Setting up mount (2.25.2-6) ...
Setting up e2fsprogs (1.42.12-2) ...
Setting up udev (215-17+deb8u5) ...
Adding group `input' (GID 101) ...
Done.
A chroot environment has been detected, udev not started.
Setting up systemd (215-17+deb8u5) ...
Initializing machine ID from random generator.
Adding group `systemd-journal' (GID 102) ...
Done.
Created symlink from /etc/systemd/system/getty.target.wants/getty@tty1.service to /lib/systemd/system/getty@.service.
Created symlink from /etc/systemd/system/multi-user.target.wants/remote-fs.target to /lib/systemd/system/remote-fs.target.
Created symlink from /etc/systemd/system/reboot.target.wants/hwclock-save.service to /lib/systemd/system/hwclock-save.service.
Created symlink from /etc/systemd/system/halt.target.wants/hwclock-save.service to /lib/systemd/system/hwclock-save.service.
Created symlink from /etc/systemd/system/poweroff.target.wants/hwclock-save.service to /lib/systemd/system/hwclock-save.service.
Setting up dmsetup (2:1.02.90-2.2+deb8u1) ...
Setting up systemd-sysv (215-17+deb8u5) ...
Setting up init (1.22) ...
Processing triggers for libc-bin (2.19-18+deb8u6) ...
perl: warning: Setting locale failed.
perl: warning: Please check that your locale settings:
	LANGUAGE = "en_US.UTF-8",
	LC_ALL = "en_US.UTF-8",
	LANG = "C"
    are supported and installed on your system.
perl: warning: Falling back to the standard locale ("C").
dpkg: warning: package not in database at line 132: firmware-atheros
dpkg: warning: package not in database at line 132: firmware-ralink
dpkg: warning: package not in database at line 132: firmware-realtek
dpkg: warning: package not in database at line 132: firmware-zd1211
dpkg: warning: found unknown packages; this might mean the available database
is outdated, and needs to be updated through a frontend method
(Reading database ... 7055 files and directories currently installed.)
Preparing to unpack .../libasound2_1.0.28-1_armhf.deb ...
Unpacking libasound2:armhf (1.0.28-1) ...
Preparing to unpack .../libasound2-data_1.0.28-1_all.deb ...
Unpacking libasound2-data (1.0.28-1) ...
Preparing to unpack .../alsa-utils_1.0.28-1_armhf.deb ...
Unpacking alsa-utils (1.0.28-1) ...
Preparing to unpack .../apache2_2.4.10-10+deb8u7_armhf.deb ...
/bin/bash: warning: setlocale: LC_ALL: cannot change locale (en_US.UTF-8)
Unpacking apache2 (2.4.10-10+deb8u7) ...
Preparing to unpack .../apache2-bin_2.4.10-10+deb8u7_armhf.deb ...
Unpacking apache2-bin (2.4.10-10+deb8u7) ...
Preparing to unpack .../apache2-data_2.4.10-10+deb8u7_all.deb ...
Unpacking apache2-data (2.4.10-10+deb8u7) ...
Preparing to unpack .../apache2-utils_2.4.10-10+deb8u7_armhf.deb ...
Unpacking apache2-utils (2.4.10-10+deb8u7) ...
Preparing to unpack .../libapr1_1.5.1-3_armhf.deb ...
Unpacking libapr1:armhf (1.5.1-3) ...
Preparing to unpack .../libaprutil1_1.5.4-1_armhf.deb ...
Unpacking libaprutil1:armhf (1.5.4-1) ...
Preparing to unpack .../libaprutil1-dbd-sqlite3_1.5.4-1_armhf.deb ...
Unpacking libaprutil1-dbd-sqlite3:armhf (1.5.4-1) ...
Preparing to unpack .../libaprutil1-ldap_1.5.4-1_armhf.deb ...
Unpacking libaprutil1-ldap:armhf (1.5.4-1) ...
Preparing to unpack .../apt_1.0.9.8.3_armhf.deb ...
Unpacking apt (1.0.9.8.3) ...
Preparing to unpack .../apt-transport-https_1.0.9.8.3_armhf.deb ...
Unpacking apt-transport-https (1.0.9.8.3) ...
Preparing to unpack .../apt-utils_1.0.9.8.3_armhf.deb ...
Unpacking apt-utils (1.0.9.8.3) ...
Preparing to unpack .../libapt-inst1.5_1.0.9.8.3_armhf.deb ...
Unpacking libapt-inst1.5:armhf (1.0.9.8.3) ...
Preparing to unpack .../libapt-pkg4.12_1.0.9.8.3_armhf.deb ...
Unpacking libapt-pkg4.12:armhf (1.0.9.8.3) ...
Preparing to unpack .../autoconf_2.69-8_all.deb ...
Unpacking autoconf (2.69-8) ...
Preparing to unpack .../automake_1%3a1.14.1-4+deb8u1_all.deb ...
Unpacking automake (1:1.14.1-4+deb8u1) ...
Preparing to unpack .../autotools-dev_20140911.1_all.deb ...
Unpacking autotools-dev (20140911.1) ...
Preparing to unpack .../avahi-daemon_0.6.31-5_armhf.deb ...
Unpacking avahi-daemon (0.6.31-5) ...
Preparing to unpack .../libavahi-common-data_0.6.31-5_armhf.deb ...
Unpacking libavahi-common-data:armhf (0.6.31-5) ...
Preparing to unpack .../libavahi-common3_0.6.31-5_armhf.deb ...
Unpacking libavahi-common3:armhf (0.6.31-5) ...
Preparing to unpack .../libavahi-core7_0.6.31-5_armhf.deb ...
Unpacking libavahi-core7:armhf (0.6.31-5) ...
Preparing to unpack .../bash-completion_1%3a2.1-4_all.deb ...
Unpacking bash-completion (1:2.1-4) ...
Preparing to unpack .../bc_1.06.95-9_armhf.deb ...
Unpacking bc (1.06.95-9) ...
Preparing to unpack .../bind9-host_1%3a9.9.5.dfsg-9+deb8u6_armhf.deb ...
Unpacking bind9-host (1:9.9.5.dfsg-9+deb8u6) ...
Preparing to unpack .../libbind9-90_1%3a9.9.5.dfsg-9+deb8u6_armhf.deb ...
Unpacking libbind9-90 (1:9.9.5.dfsg-9+deb8u6) ...
Preparing to unpack .../libdns-export100_1%3a9.9.5.dfsg-9+deb8u6_armhf.deb ...
Unpacking libdns-export100 (1:9.9.5.dfsg-9+deb8u6) ...
Preparing to unpack .../libdns100_1%3a9.9.5.dfsg-9+deb8u6_armhf.deb ...
Unpacking libdns100 (1:9.9.5.dfsg-9+deb8u6) ...
Preparing to unpack .../libirs-export91_1%3a9.9.5.dfsg-9+deb8u6_armhf.deb ...
Unpacking libirs-export91 (1:9.9.5.dfsg-9+deb8u6) ...
Preparing to unpack .../libisc-export95_1%3a9.9.5.dfsg-9+deb8u6_armhf.deb ...
Unpacking libisc-export95 (1:9.9.5.dfsg-9+deb8u6) ...
Preparing to unpack .../libisc95_1%3a9.9.5.dfsg-9+deb8u6_armhf.deb ...
Unpacking libisc95 (1:9.9.5.dfsg-9+deb8u6) ...
Preparing to unpack .../libisccc90_1%3a9.9.5.dfsg-9+deb8u6_armhf.deb ...
Unpacking libisccc90 (1:9.9.5.dfsg-9+deb8u6) ...
Preparing to unpack .../libisccfg-export90_1%3a9.9.5.dfsg-9+deb8u6_armhf.deb ...
Unpacking libisccfg-export90 (1:9.9.5.dfsg-9+deb8u6) ...
Preparing to unpack .../libisccfg90_1%3a9.9.5.dfsg-9+deb8u6_armhf.deb ...
Unpacking libisccfg90 (1:9.9.5.dfsg-9+deb8u6) ...
Preparing to unpack .../liblwres90_1%3a9.9.5.dfsg-9+deb8u6_armhf.deb ...
Unpacking liblwres90 (1:9.9.5.dfsg-9+deb8u6) ...
Preparing to unpack .../binutils_2.25-5_armhf.deb ...
Unpacking binutils (2.25-5) ...
Preparing to unpack .../bison_2%3a3.0.2.dfsg-2_armhf.deb ...
/bin/bash: warning: setlocale: LC_ALL: cannot change locale (en_US.UTF-8)
Unpacking bison (2:3.0.2.dfsg-2) ...
Preparing to unpack .../libbison-dev_2%3a3.0.2.dfsg-2_armhf.deb ...
Unpacking libbison-dev:armhf (2:3.0.2.dfsg-2) ...
Preparing to unpack .../bluetooth_5.23-2_all.deb ...
Unpacking bluetooth (5.23-2) ...
Preparing to unpack .../bluez_5.23-2+b1_armhf.deb ...
Unpacking bluez (5.23-2+b1) ...
Preparing to unpack .../libboost-iostreams1.55.0_1.55.0+dfsg-3_armhf.deb ...
Unpacking libboost-iostreams1.55.0:armhf (1.55.0+dfsg-3) ...
Preparing to unpack .../bsdmainutils_9.0.6_armhf.deb ...
Unpacking bsdmainutils (9.0.6) ...
Preparing to unpack .../build-essential_11.7_armhf.deb ...
Unpacking build-essential (11.7) ...
Preparing to unpack .../busybox_1%3a1.22.0-9+deb8u1_armhf.deb ...
Unpacking busybox (1:1.22.0-9+deb8u1) ...
Preparing to unpack .../udhcpd_1%3a1.22.0-9+deb8u1_armhf.deb ...
Unpacking udhcpd (1:1.22.0-9+deb8u1) ...
Preparing to unpack .../bzip2_1.0.6-7+b3_armhf.deb ...
Unpacking bzip2 (1.0.6-7+b3) ...
Preparing to unpack .../ca-certificates_20141019+deb8u1_all.deb ...
Unpacking ca-certificates (20141019+deb8u1) ...
Preparing to unpack .../libcloog-isl4_0.18.2-1+b2_armhf.deb ...
Unpacking libcloog-isl4:armhf (0.18.2-1+b2) ...
Preparing to unpack .../connman_1.21-1.2_armhf.deb ...
Unpacking connman (1.21-1.2) ...
Preparing to unpack .../cpio_2.11+dfsg-4.1+deb8u1_armhf.deb ...
Unpacking cpio (2.11+dfsg-4.1+deb8u1) ...
Preparing to unpack .../cpufrequtils_008-1_armhf.deb ...
Unpacking cpufrequtils (008-1) ...
Preparing to unpack .../libcpufreq0_008-1_armhf.deb ...
Unpacking libcpufreq0 (008-1) ...
Preparing to unpack .../cron_3.0pl1-127+deb8u1_armhf.deb ...
Unpacking cron (3.0pl1-127+deb8u1) ...
Preparing to unpack .../curl_7.38.0-4+deb8u4_armhf.deb ...
Unpacking curl (7.38.0-4+deb8u4) ...
Preparing to unpack .../libcurl3_7.38.0-4+deb8u4_armhf.deb ...
Unpacking libcurl3:armhf (7.38.0-4+deb8u4) ...
Preparing to unpack .../libcurl3-gnutls_7.38.0-4+deb8u4_armhf.deb ...
Unpacking libcurl3-gnutls:armhf (7.38.0-4+deb8u4) ...
Preparing to unpack .../libsasl2-2_2.1.26.dfsg1-13+deb8u1_armhf.deb ...
Unpacking libsasl2-2:armhf (2.1.26.dfsg1-13+deb8u1) ...
Preparing to unpack .../libsasl2-modules-db_2.1.26.dfsg1-13+deb8u1_armhf.deb ...
Unpacking libsasl2-modules-db:armhf (2.1.26.dfsg1-13+deb8u1) ...
Preparing to unpack .../dbus_1.8.20-0+deb8u1_armhf.deb ...
Unpacking dbus (1.8.20-0+deb8u1) ...
Preparing to unpack .../libdbus-1-3_1.8.20-0+deb8u1_armhf.deb ...
Unpacking libdbus-1-3:armhf (1.8.20-0+deb8u1) ...
Preparing to unpack .../libdbus-1-dev_1.8.20-0+deb8u1_armhf.deb ...
Unpacking libdbus-1-dev:armhf (1.8.20-0+deb8u1) ...
Preparing to unpack .../debhelper_9.20150101+deb8u2_all.deb ...
Unpacking debhelper (9.20150101+deb8u2) ...
Preparing to unpack .../debian-archive-keyring_2014.3_all.deb ...
Unpacking debian-archive-keyring (2014.3) ...
Preparing to unpack .../dmidecode_2.12-3_armhf.deb ...
Unpacking dmidecode (2.12-3) ...
Preparing to unpack .../dosfstools_3.0.27-1_armhf.deb ...
Unpacking dosfstools (3.0.27-1) ...
Preparing to unpack .../dpkg-dev_1.17.27_all.deb ...
Unpacking dpkg-dev (1.17.27) ...
Preparing to unpack .../libdpkg-perl_1.17.27_all.deb ...
Unpacking libdpkg-perl (1.17.27) ...
Preparing to unpack .../libexpat1_2.1.0-6+deb8u3_armhf.deb ...
Unpacking libexpat1:armhf (2.1.0-6+deb8u3) ...
Preparing to unpack .../fakeroot_1.20.2-1_armhf.deb ...
Unpacking fakeroot (1.20.2-1) ...
Preparing to unpack .../libfakeroot_1.20.2-1_armhf.deb ...
Unpacking libfakeroot:armhf (1.20.2-1) ...
Preparing to unpack .../file_1%3a5.22+15-2+deb8u2_armhf.deb ...
Unpacking file (1:5.22+15-2+deb8u2) ...
Preparing to unpack .../libmagic1_1%3a5.22+15-2+deb8u2_armhf.deb ...
Unpacking libmagic1:armhf (1:5.22+15-2+deb8u2) ...
Preparing to unpack .../flex_2.5.39-8+deb8u2_armhf.deb ...
Unpacking flex (2.5.39-8+deb8u2) ...
Preparing to unpack .../libfl-dev_2.5.39-8+deb8u2_armhf.deb ...
Unpacking libfl-dev:armhf (2.5.39-8+deb8u2) ...
Preparing to unpack .../cpp-4.9_4.9.2-10_armhf.deb ...
Unpacking cpp-4.9 (4.9.2-10) ...
Preparing to unpack .../g++-4.9_4.9.2-10_armhf.deb ...
Unpacking g++-4.9 (4.9.2-10) ...
Preparing to unpack .../gcc-4.9_4.9.2-10_armhf.deb ...
Unpacking gcc-4.9 (4.9.2-10) ...
Preparing to unpack .../libasan1_4.9.2-10_armhf.deb ...
Unpacking libasan1:armhf (4.9.2-10) ...
Preparing to unpack .../libatomic1_4.9.2-10_armhf.deb ...
Unpacking libatomic1:armhf (4.9.2-10) ...
Preparing to unpack .../libgcc-4.9-dev_4.9.2-10_armhf.deb ...
Unpacking libgcc-4.9-dev:armhf (4.9.2-10) ...
Preparing to unpack .../libgomp1_4.9.2-10_armhf.deb ...
Unpacking libgomp1:armhf (4.9.2-10) ...
Preparing to unpack .../libstdc++-4.9-dev_4.9.2-10_armhf.deb ...
Unpacking libstdc++-4.9-dev:armhf (4.9.2-10) ...
Preparing to unpack .../libstdc++6_4.9.2-10_armhf.deb ...
Unpacking libstdc++6:armhf (4.9.2-10) ...
Preparing to unpack .../libubsan0_4.9.2-10_armhf.deb ...
Unpacking libubsan0:armhf (4.9.2-10) ...
Preparing to unpack .../cpp_4%3a4.9.2-2_armhf.deb ...
Unpacking cpp (4:4.9.2-2) ...
Preparing to unpack .../g++_4%3a4.9.2-2_armhf.deb ...
Unpacking g++ (4:4.9.2-2) ...
Preparing to unpack .../gcc_4%3a4.9.2-2_armhf.deb ...
Unpacking gcc (4:4.9.2-2) ...
Preparing to unpack .../gdb_7.7.1+dfsg-5_armhf.deb ...
Unpacking gdb (7.7.1+dfsg-5) ...
Preparing to unpack .../libgdbm3_1.8.3-13.1_armhf.deb ...
Unpacking libgdbm3:armhf (1.8.3-13.1) ...
Preparing to unpack .../libgeoip1_1.6.2-4_armhf.deb ...
Unpacking libgeoip1:armhf (1.6.2-4) ...
Preparing to unpack .../gettext_0.19.3-2_armhf.deb ...
Unpacking gettext (0.19.3-2) ...
Preparing to unpack .../gettext-base_0.19.3-2_armhf.deb ...
Unpacking gettext-base (0.19.3-2) ...
Preparing to unpack .../libasprintf0c2_0.19.3-2_armhf.deb ...
Unpacking libasprintf0c2:armhf (0.19.3-2) ...
Preparing to unpack .../git_1%3a2.1.4-2.1+deb8u2_armhf.deb ...
Unpacking git (1:2.1.4-2.1+deb8u2) ...
Preparing to unpack .../git-core_1%3a2.1.4-2.1+deb8u2_all.deb ...
Unpacking git-core (1:2.1.4-2.1+deb8u2) ...
Preparing to unpack .../git-man_1%3a2.1.4-2.1+deb8u2_all.deb ...
Unpacking git-man (1:2.1.4-2.1+deb8u2) ...
Preparing to unpack .../libglib2.0-0_2.42.1-1+b1_armhf.deb ...
Unpacking libglib2.0-0:armhf (2.42.1-1+b1) ...
Preparing to unpack .../libc-dev-bin_2.19-18+deb8u6_armhf.deb ...
Unpacking libc-dev-bin (2.19-18+deb8u6) ...
Preparing to unpack .../libc6-dev_2.19-18+deb8u6_armhf.deb ...
Unpacking libc6-dev:armhf (2.19-18+deb8u6) ...
Preparing to unpack .../locales_2.19-18+deb8u6_all.deb ...
Unpacking locales (2.19-18+deb8u6) ...
Preparing to unpack .../libgmp10_2%3a6.0.0+dfsg-6_armhf.deb ...
Unpacking libgmp10:armhf (2:6.0.0+dfsg-6) ...
Preparing to unpack .../gnupg_1.4.18-7+deb8u3_armhf.deb ...
Unpacking gnupg (1.4.18-7+deb8u3) ...
Preparing to unpack .../gpgv_1.4.18-7+deb8u3_armhf.deb ...
Unpacking gpgv (1.4.18-7+deb8u3) ...
Preparing to unpack .../libgnutls-deb0-28_3.3.8-6+deb8u3_armhf.deb ...
Unpacking libgnutls-deb0-28:armhf (3.3.8-6+deb8u3) ...
Preparing to unpack .../libgnutls-openssl27_3.3.8-6+deb8u3_armhf.deb ...
Unpacking libgnutls-openssl27:armhf (3.3.8-6+deb8u3) ...
Preparing to unpack .../libgpm2_1.20.4-6.1+b2_armhf.deb ...
Unpacking libgpm2:armhf (1.20.4-6.1+b2) ...
Preparing to unpack .../groff-base_1.22.2-8_armhf.deb ...
Unpacking groff-base (1.22.2-8) ...
Preparing to unpack .../hdparm_9.43-2_armhf.deb ...
Unpacking hdparm (9.43-2) ...
Preparing to unpack .../hexedit_1.2.13-1_armhf.deb ...
Unpacking hexedit (1.2.13-1) ...
Preparing to unpack .../htop_1.0.3-1_armhf.deb ...
Unpacking htop (1.0.3-1) ...
Preparing to unpack .../i2c-tools_3.1.1-1_armhf.deb ...
Unpacking i2c-tools (3.1.1-1) ...
Preparing to unpack .../libicu52_52.1-8+deb8u3_armhf.deb ...
Unpacking libicu52:armhf (52.1-8+deb8u3) ...
Preparing to unpack .../ifupdown_0.7.53.1_armhf.deb ...
Unpacking ifupdown (0.7.53.1) ...
Preparing to unpack .../init-system-helpers_1.22_all.deb ...
Unpacking init-system-helpers (1.22) ...
Preparing to unpack .../initramfs-tools_0.120+deb8u2_all.deb ...
Unpacking initramfs-tools (0.120+deb8u2) ...
Preparing to unpack .../intltool-debian_0.35.0+20060710.1_all.deb ...
Unpacking intltool-debian (0.35.0+20060710.1) ...
Preparing to unpack .../iperf_2.0.5+dfsg1-2_armhf.deb ...
Unpacking iperf (2.0.5+dfsg1-2) ...
Preparing to unpack .../iproute2_3.16.0-2_armhf.deb ...
Unpacking iproute2 (3.16.0-2) ...
Preparing to unpack .../iptables_1.4.21-2+b1_armhf.deb ...
Unpacking iptables (1.4.21-2+b1) ...
Preparing to unpack .../libxtables10_1.4.21-2+b1_armhf.deb ...
Unpacking libxtables10 (1.4.21-2+b1) ...
Preparing to unpack .../iputils-ping_3%3a20121221-5+b2_armhf.deb ...
Unpacking iputils-ping (3:20121221-5+b2) ...
Preparing to unpack .../isc-dhcp-client_4.3.1-6+deb8u2_armhf.deb ...
Unpacking isc-dhcp-client (4.3.1-6+deb8u2) ...
Preparing to unpack .../isc-dhcp-common_4.3.1-6+deb8u2_armhf.deb ...
Unpacking isc-dhcp-common (4.3.1-6+deb8u2) ...
Preparing to unpack .../libisl10_0.12.2-2_armhf.deb ...
Unpacking libisl10:armhf (0.12.2-2) ...
Preparing to unpack .../archives/iw_3.17-1_armhf.deb ...
Unpacking iw (3.17-1) ...
Preparing to unpack .../libjim0.75_0.75-1_armhf.deb ...
Unpacking libjim0.75:armhf (0.75-1) ...
Preparing to unpack .../libjson-c2_0.11-4_armhf.deb ...
Unpacking libjson-c2:armhf (0.11-4) ...
Preparing to unpack .../libkeyutils1_1.5.9-5+b1_armhf.deb ...
Unpacking libkeyutils1:armhf (1.5.9-5+b1) ...
Preparing to unpack .../klibc-utils_2.0.4-2_armhf.deb ...
Unpacking klibc-utils (2.0.4-2) ...
Preparing to unpack .../libklibc_2.0.4-2_armhf.deb ...
Unpacking libklibc (2.0.4-2) ...
Preparing to unpack .../archives/kmod_18-3_armhf.deb ...
Unpacking kmod (18-3) ...
Preparing to unpack .../libgssapi-krb5-2_1.12.1+dfsg-19+deb8u2_armhf.deb ...
Unpacking libgssapi-krb5-2:armhf (1.12.1+dfsg-19+deb8u2) ...
Preparing to unpack .../libk5crypto3_1.12.1+dfsg-19+deb8u2_armhf.deb ...
Unpacking libk5crypto3:armhf (1.12.1+dfsg-19+deb8u2) ...
Preparing to unpack .../libkrb5-3_1.12.1+dfsg-19+deb8u2_armhf.deb ...
Unpacking libkrb5-3:armhf (1.12.1+dfsg-19+deb8u2) ...
Preparing to unpack .../libkrb5support0_1.12.1+dfsg-19+deb8u2_armhf.deb ...
Unpacking libkrb5support0:armhf (1.12.1+dfsg-19+deb8u2) ...
Preparing to unpack .../archives/less_458-3_armhf.deb ...
Unpacking less (458-3) ...
Preparing to unpack .../libbsd0_0.7.0-2_armhf.deb ...
Unpacking libbsd0:armhf (0.7.0-2) ...
Preparing to unpack .../libcap-ng0_0.7.4-2_armhf.deb ...
Unpacking libcap-ng0:armhf (0.7.4-2) ...
Preparing to unpack .../libcroco3_0.6.8-3+b1_armhf.deb ...
Unpacking libcroco3:armhf (0.6.8-3+b1) ...
Preparing to unpack .../libdaemon0_0.14-6_armhf.deb ...
Unpacking libdaemon0:armhf (0.14-6) ...
Preparing to unpack .../libedit2_3.1-20140620-2_armhf.deb ...
Unpacking libedit2:armhf (3.1-20140620-2) ...
Preparing to unpack .../liberror-perl_0.17-1.1_all.deb ...
Unpacking liberror-perl (0.17-1.1) ...
Preparing to unpack .../libestr0_0.1.9-1.1_armhf.deb ...
Unpacking libestr0 (0.1.9-1.1) ...
Preparing to unpack .../libevent-2.0-5_2.0.21-stable-2_armhf.deb ...
Unpacking libevent-2.0-5:armhf (2.0.21-stable-2) ...
Preparing to unpack .../libffi6_3.1-2+b2_armhf.deb ...
Unpacking libffi6:armhf (3.1-2+b2) ...
Preparing to unpack .../libidn11_1.29-1+deb8u2_armhf.deb ...
Unpacking libidn11:armhf (1.29-1+deb8u2) ...
Preparing to unpack .../libjpeg62-turbo_1%3a1.3.1-12_armhf.deb ...
Unpacking libjpeg62-turbo:armhf (1:1.3.1-12) ...
Preparing to unpack .../liblogging-stdlog0_1.0.4-1_armhf.deb ...
Unpacking liblogging-stdlog0:armhf (1.0.4-1) ...
Preparing to unpack .../liblognorm1_1.0.1-3_armhf.deb ...
Unpacking liblognorm1:armhf (1.0.1-3) ...
Preparing to unpack .../libmnl0_1.0.3-5_armhf.deb ...
Unpacking libmnl0:armhf (1.0.3-5) ...
Preparing to unpack .../libnetfilter-acct1_1.0.2-1.1_armhf.deb ...
Unpacking libnetfilter-acct1:armhf (1.0.2-1.1) ...
Preparing to unpack .../libnfnetlink0_1.0.1-3_armhf.deb ...
Unpacking libnfnetlink0:armhf (1.0.1-3) ...
Preparing to unpack .../libnl-3-200_3.2.24-2_armhf.deb ...
Unpacking libnl-3-200:armhf (3.2.24-2) ...
Preparing to unpack .../libnl-genl-3-200_3.2.24-2_armhf.deb ...
Unpacking libnl-genl-3-200:armhf (3.2.24-2) ...
Preparing to unpack .../libnl-route-3-200_3.2.24-2_armhf.deb ...
Unpacking libnl-route-3-200:armhf (3.2.24-2) ...
Preparing to unpack .../libpcap0.8_1.6.2-2_armhf.deb ...
Unpacking libpcap0.8:armhf (1.6.2-2) ...
Preparing to unpack .../libperl4-corelibs-perl_0.003-1_all.deb ...
Unpacking libperl4-corelibs-perl (0.003-1) ...
Preparing to unpack .../libpipeline1_1.4.0-1_armhf.deb ...
Unpacking libpipeline1:armhf (1.4.0-1) ...
Preparing to unpack .../libpsl0_0.5.1-1_armhf.deb ...
Unpacking libpsl0:armhf (0.5.1-1) ...
Preparing to unpack .../libsamplerate0_0.1.8-8_armhf.deb ...
Unpacking libsamplerate0:armhf (0.1.8-8) ...
Preparing to unpack .../libsigc++-2.0-0c2a_2.4.0-1_armhf.deb ...
Unpacking libsigc++-2.0-0c2a:armhf (2.4.0-1) ...
Preparing to unpack .../libsigsegv2_2.10-4+b1_armhf.deb ...
Unpacking libsigsegv2:armhf (2.10-4+b1) ...
Preparing to unpack .../libssh2-1_1.4.3-4.1+deb8u1_armhf.deb ...
Unpacking libssh2-1:armhf (1.4.3-4.1+deb8u1) ...
Preparing to unpack .../libtasn1-6_4.2-3+deb8u2_armhf.deb ...
Unpacking libtasn1-6:armhf (4.2-3+deb8u2) ...
Preparing to unpack .../libtimedate-perl_2.3000-2_all.deb ...
Unpacking libtimedate-perl (2.3000-2) ...
Preparing to unpack .../libtool_2.4.2-1.11_all.deb ...
Unpacking libtool (2.4.2-1.11) ...
Preparing to unpack .../libunistring0_0.9.3-5.2+b1_armhf.deb ...
Unpacking libunistring0:armhf (0.9.3-5.2+b1) ...
Preparing to unpack .../libusb-0.1-4_2%3a0.1.12-25_armhf.deb ...
Unpacking libusb-0.1-4:armhf (2:0.1.12-25) ...
Preparing to unpack .../libusb-1.0-0_2%3a1.0.19-1_armhf.deb ...
Unpacking libusb-1.0-0:armhf (2:1.0.19-1) ...
Preparing to unpack .../libusb-1.0-0-dev_2%3a1.0.19-1_armhf.deb ...
Unpacking libusb-1.0-0-dev:armhf (2:1.0.19-1) ...
Preparing to unpack .../libuuid-perl_0.05-1+b1_armhf.deb ...
Unpacking libuuid-perl (0.05-1+b1) ...
Preparing to unpack .../libxml2_2.9.1+dfsg1-5+deb8u3_armhf.deb ...
Unpacking libxml2:armhf (2.9.1+dfsg1-5+deb8u3) ...
Preparing to unpack .../linux-libc-dev_3.16.36-1+deb8u1_armhf.deb ...
Unpacking linux-libc-dev:armhf (3.16.36-1+deb8u1) ...
Preparing to unpack .../linux-base_3.5_all.deb ...
Unpacking linux-base (3.5) ...
Preparing to unpack .../logrotate_3.8.7-1+b1_armhf.deb ...
Unpacking logrotate (3.8.7-1+b1) ...
Preparing to unpack .../lshw_02.17-1.1_armhf.deb ...
Unpacking lshw (02.17-1.1) ...
Preparing to unpack .../lsof_4.86+dfsg-1_armhf.deb ...
Unpacking lsof (4.86+dfsg-1) ...
Preparing to unpack .../liblua5.1-0_5.1.5-7.1_armhf.deb ...
Unpacking liblua5.1-0:armhf (5.1.5-7.1) ...
Preparing to unpack .../archives/lzma_9.22-2_armhf.deb ...
Unpacking lzma (9.22-2) ...
Preparing to unpack .../liblzo2-2_2.08-1.2_armhf.deb ...
Unpacking liblzo2-2:armhf (2.08-1.2) ...
Preparing to unpack .../archives/lzop_1.03-3_armhf.deb ...
Unpacking lzop (1.03-3) ...
Preparing to unpack .../archives/m4_1.4.17-4_armhf.deb ...
Unpacking m4 (1.4.17-4) ...
Preparing to unpack .../make_4.0-8.1_armhf.deb ...
Unpacking make (4.0-8.1) ...
Preparing to unpack .../man-db_2.7.0.2-5_armhf.deb ...
Unpacking man-db (2.7.0.2-5) ...
Preparing to unpack .../manpages_3.74-1_all.deb ...
Unpacking manpages (3.74-1) ...
Preparing to unpack .../memtester_4.3.0-3_armhf.deb ...
Unpacking memtester (4.3.0-3) ...
Preparing to unpack .../mime-support_3.58_all.deb ...
Unpacking mime-support (3.58) ...
Preparing to unpack .../libmpc3_1.0.2-1_armhf.deb ...
Unpacking libmpc3:armhf (1.0.2-1) ...
Preparing to unpack .../libmpfr4_3.1.2-2_armhf.deb ...
Unpacking libmpfr4:armhf (3.1.2-2) ...
Preparing to unpack .../nano_2.2.6-3_armhf.deb ...
Unpacking nano (2.2.6-3) ...
Preparing to unpack .../libncurses5-dev_5.9+20140913-1+b1_armhf.deb ...
Unpacking libncurses5-dev:armhf (5.9+20140913-1+b1) ...
Preparing to unpack .../libtinfo-dev_5.9+20140913-1+b1_armhf.deb ...
Unpacking libtinfo-dev:armhf (5.9+20140913-1+b1) ...
Preparing to unpack .../net-tools_1.60-26+b1_armhf.deb ...
Unpacking net-tools (1.60-26+b1) ...
Preparing to unpack .../archives/netbase_5.3_all.deb ...
Unpacking netbase (5.3) ...
Preparing to unpack .../netcat-traditional_1.10-41_armhf.deb ...
Unpacking netcat-traditional (1.10-41) ...
Preparing to unpack .../libhogweed2_2.7.1-5+deb8u1_armhf.deb ...
Unpacking libhogweed2:armhf (2.7.1-5+deb8u1) ...
Preparing to unpack .../libnettle4_2.7.1-5+deb8u1_armhf.deb ...
Unpacking libnettle4:armhf (2.7.1-5+deb8u1) ...
Preparing to unpack .../libnewt0.52_0.52.17-1+b1_armhf.deb ...
Unpacking libnewt0.52:armhf (0.52.17-1+b1) ...
Preparing to unpack .../whiptail_0.52.17-1+b1_armhf.deb ...
Unpacking whiptail (0.52.17-1+b1) ...
Preparing to unpack .../nfacct_1.0.1-1.1_armhf.deb ...
Unpacking nfacct (1.0.1-1.1) ...
Preparing to unpack .../libnss-mdns_0.10-6_armhf.deb ...
Unpacking libnss-mdns:armhf (0.10-6) ...
Preparing to unpack .../libldap-2.4-2_2.4.40+dfsg-1+deb8u2_armhf.deb ...
Unpacking libldap-2.4-2:armhf (2.4.40+dfsg-1+deb8u2) ...
Preparing to unpack .../openssh-client_1%3a6.7p1-5+deb8u3_armhf.deb ...
Unpacking openssh-client (1:6.7p1-5+deb8u3) ...
Preparing to unpack .../openssh-server_1%3a6.7p1-5+deb8u3_armhf.deb ...
Unpacking openssh-server (1:6.7p1-5+deb8u3) ...
Preparing to unpack .../openssh-sftp-server_1%3a6.7p1-5+deb8u3_armhf.deb ...
Unpacking openssh-sftp-server (1:6.7p1-5+deb8u3) ...
Preparing to unpack .../libssl1.0.0_1.0.1t-1+deb8u3_armhf.deb ...
Unpacking libssl1.0.0:armhf (1.0.1t-1+deb8u3) ...
Preparing to unpack .../openssl_1.0.1t-1+deb8u3_armhf.deb ...
Unpacking openssl (1.0.1t-1+deb8u3) ...
Preparing to unpack .../libp11-kit0_0.20.7-1_armhf.deb ...
Unpacking libp11-kit0:armhf (0.20.7-1) ...
Preparing to unpack .../patch_2.7.5-1_armhf.deb ...
Unpacking patch (2.7.5-1) ...
Preparing to unpack .../libpcsclite1_1.8.13-1_armhf.deb ...
Unpacking libpcsclite1:armhf (1.8.13-1) ...
Preparing to unpack .../perl_5.20.2-3+deb8u6_armhf.deb ...
Unpacking perl (5.20.2-3+deb8u6) ...
Preparing to unpack .../perl-modules_5.20.2-3+deb8u6_all.deb ...
Unpacking perl-modules (5.20.2-3+deb8u6) ...
Preparing to unpack .../pkg-config_0.28-1_armhf.deb ...
Unpacking pkg-config (0.28-1) ...
Preparing to unpack .../po-debconf_1.0.16+nmu3_all.deb ...
Unpacking po-debconf (1.0.16+nmu3) ...
Preparing to unpack .../libpopt0_1.16-10_armhf.deb ...
Unpacking libpopt0:armhf (1.16-10) ...
Preparing to unpack .../ppp_2.4.6-3.1_armhf.deb ...
Unpacking ppp (2.4.6-3.1) ...
Preparing to unpack .../libpython2.7_2.7.9-2+deb8u1_armhf.deb ...
Unpacking libpython2.7:armhf (2.7.9-2+deb8u1) ...
Preparing to unpack .../libpython2.7-minimal_2.7.9-2+deb8u1_armhf.deb ...
Unpacking libpython2.7-minimal:armhf (2.7.9-2+deb8u1) ...
Preparing to unpack .../libpython2.7-stdlib_2.7.9-2+deb8u1_armhf.deb ...
Unpacking libpython2.7-stdlib:armhf (2.7.9-2+deb8u1) ...
Preparing to unpack .../libreadline6_6.3-8+b3_armhf.deb ...
Unpacking libreadline6:armhf (6.3-8+b3) ...
Preparing to unpack .../readline-common_6.3-8_all.deb ...
Unpacking readline-common (6.3-8) ...
Preparing to unpack .../rfkill_0.5-1_armhf.deb ...
Unpacking rfkill (0.5-1) ...
Preparing to unpack .../rsync_3.1.1-3_armhf.deb ...
Unpacking rsync (3.1.1-3) ...
Preparing to unpack .../rsyslog_8.4.2-1+deb8u2_armhf.deb ...
Unpacking rsyslog (8.4.2-1+deb8u2) ...
Preparing to unpack .../librtmp1_2.4+20150115.gita107cef-1_armhf.deb ...
Unpacking librtmp1:armhf (2.4+20150115.gita107cef-1) ...
Preparing to unpack .../screen_4.2.1-3+deb8u1_armhf.deb ...
Unpacking screen (4.2.1-3+deb8u1) ...
Preparing to unpack .../libsqlite3-0_3.8.7.1-1+deb8u2_armhf.deb ...
Unpacking libsqlite3-0:armhf (3.8.7.1-1+deb8u2) ...
Preparing to unpack .../ssl-cert_1.0.35_all.deb ...
Unpacking ssl-cert (1.0.35) ...
Preparing to unpack .../sudo_1.8.10p3-1+deb8u3_armhf.deb ...
Unpacking sudo (1.8.10p3-1+deb8u3) ...
Preparing to unpack .../tasksel_3.31+deb8u1_all.deb ...
Unpacking tasksel (3.31+deb8u1) ...
Preparing to unpack .../tasksel-data_3.31+deb8u1_all.deb ...
Unpacking tasksel-data (3.31+deb8u1) ...
Preparing to unpack .../libwrap0_7.6.q-25_armhf.deb ...
Unpacking libwrap0:armhf (7.6.q-25) ...
Preparing to unpack .../info_5.2.0.dfsg.1-6_armhf.deb ...
Unpacking info (5.2.0.dfsg.1-6) ...
Preparing to unpack .../install-info_5.2.0.dfsg.1-6_armhf.deb ...
Unpacking install-info (5.2.0.dfsg.1-6) ...
Preparing to unpack .../archives/tmux_1.9-6_armhf.deb ...
Unpacking tmux (1.9-6) ...
Preparing to unpack .../traceroute_1%3a2.0.20-2+b1_armhf.deb ...
Unpacking traceroute (1:2.0.20-2+b1) ...
Preparing to unpack .../u-boot-tools_2014.10+dfsg1-5_armhf.deb ...
Unpacking u-boot-tools (2014.10+dfsg1-5) ...
Preparing to unpack .../usb-modeswitch_2.2.0+repack0-2_armhf.deb ...
Unpacking usb-modeswitch (2.2.0+repack0-2) ...
Preparing to unpack .../usb-modeswitch-data_20150115-1_all.deb ...
Unpacking usb-modeswitch-data (20150115-1) ...
Preparing to unpack .../usbutils_1%3a007-2_armhf.deb ...
Unpacking usbutils (1:007-2) ...
Preparing to unpack .../libv4l-0_1.6.0-2_armhf.deb ...
Unpacking libv4l-0:armhf (1.6.0-2) ...
Preparing to unpack .../libv4l2rds0_1.6.0-2_armhf.deb ...
Unpacking libv4l2rds0:armhf (1.6.0-2) ...
Preparing to unpack .../libv4lconvert0_1.6.0-2_armhf.deb ...
Unpacking libv4lconvert0:armhf (1.6.0-2) ...
Preparing to unpack .../v4l-utils_1.6.0-2_armhf.deb ...
Unpacking v4l-utils (1.6.0-2) ...
Preparing to unpack .../vim_2%3a7.4.488-7_armhf.deb ...
Unpacking vim (2:7.4.488-7) ...
Preparing to unpack .../vim-common_2%3a7.4.488-7_armhf.deb ...
Unpacking vim-common (2:7.4.488-7) ...
Preparing to unpack .../vim-runtime_2%3a7.4.488-7_all.deb ...
Adding 'diversion of /usr/share/vim/vim74/doc/help.txt to /usr/share/vim/vim74/doc/help.txt.vim-tiny by vim-runtime'
Adding 'diversion of /usr/share/vim/vim74/doc/tags to /usr/share/vim/vim74/doc/tags.vim-tiny by vim-runtime'
Unpacking vim-runtime (2:7.4.488-7) ...
Preparing to unpack .../vim-tiny_2%3a7.4.488-7_armhf.deb ...
Unpacking vim-tiny (2:7.4.488-7) ...
Preparing to unpack .../wget_1.16-1+deb8u1_armhf.deb ...
Unpacking wget (1.16-1+deb8u1) ...
Preparing to unpack .../libiw30_30~pre9-8_armhf.deb ...
Unpacking libiw30:armhf (30~pre9-8) ...
Preparing to unpack .../wireless-tools_30~pre9-8_armhf.deb ...
Unpacking wireless-tools (30~pre9-8) ...
Preparing to unpack .../hostapd_1%3a2.3-1+deb8u4_armhf.deb ...
Unpacking hostapd (1:2.3-1+deb8u4) ...
Preparing to unpack .../wpasupplicant_2.3-1+deb8u4_armhf.deb ...
Unpacking wpasupplicant (2.3-1+deb8u4) ...
Preparing to unpack .../wvdial_1.61-4.1_armhf.deb ...
Unpacking wvdial (1.61-4.1) ...
Preparing to unpack .../libuniconf4.6_4.6.1-7_armhf.deb ...
Unpacking libuniconf4.6 (4.6.1-7) ...
Preparing to unpack .../libwvstreams4.6-base_4.6.1-7_armhf.deb ...
Unpacking libwvstreams4.6-base (4.6.1-7) ...
Preparing to unpack .../libwvstreams4.6-extras_4.6.1-7_armhf.deb ...
Unpacking libwvstreams4.6-extras (4.6.1-7) ...
Preparing to unpack .../xz-utils_5.1.1alpha+20120614-2+b3_armhf.deb ...
Unpacking xz-utils (5.1.1alpha+20120614-2+b3) ...
Selecting previously unselected package firmware-atheros.
Preparing to unpack .../firmware-atheros_0.43_all.deb ...
Unpacking firmware-atheros (0.43) ...
Selecting previously unselected package firmware-ralink.
Preparing to unpack .../firmware-ralink_0.43_all.deb ...
Unpacking firmware-ralink (0.43) ...
Selecting previously unselected package firmware-realtek.
Preparing to unpack .../firmware-realtek_0.43_all.deb ...
Unpacking firmware-realtek (0.43) ...
Selecting previously unselected package firmware-zd1211.
Preparing to unpack .../firmware-zd1211_3.0.0.56-3_all.deb ...
Unpacking firmware-zd1211 (3.0.0.56-3) ...
Processing triggers for systemd (215-17+deb8u5) ...
Setting up libgomp1:armhf (4.9.2-10) ...
Setting up libatomic1:armhf (4.9.2-10) ...
Setting up libapr1:armhf (1.5.1-3) ...
Setting up readline-common (6.3-8) ...
Setting up libgdbm3:armhf (1.8.3-13.1) ...
Setting up manpages (3.74-1) ...
Setting up libxtables10 (1.4.21-2+b1) ...
Setting up git-man (1:2.1.4-2.1+deb8u2) ...
Setting up cpio (2.11+dfsg-4.1+deb8u1) ...
update-alternatives: using /bin/mt-gnu to provide /bin/mt (mt) in auto mode
Setting up libpopt0:armhf (1.16-10) ...
Setting up kmod (18-3) ...
Setting up libdaemon0:armhf (0.14-6) ...
Setting up libestr0 (0.1.9-1.1) ...
Setting up libexpat1:armhf (2.1.0-6+deb8u3) ...
Setting up firmware-realtek (0.43) ...
Setting up less (458-3) ...
locale: Cannot set LC_CTYPE to default locale: No such file or directory
locale: Cannot set LC_MESSAGES to default locale: No such file or directory
locale: Cannot set LC_ALL to default locale: No such file or directory
Setting up make (4.0-8.1) ...
Setting up memtester (4.3.0-3) ...
Setting up firmware-zd1211 (3.0.0.56-3) ...
Setting up libv4l2rds0:armhf (1.6.0-2) ...
Setting up libjpeg62-turbo:armhf (1:1.3.1-12) ...
Setting up dosfstools (3.0.27-1) ...
Setting up libssl1.0.0:armhf (1.0.1t-1+deb8u3) ...
locale: Cannot set LC_CTYPE to default locale: No such file or directory
locale: Cannot set LC_MESSAGES to default locale: No such file or directory
locale: Cannot set LC_ALL to default locale: No such file or directory
Setting up mime-support (3.58) ...
Setting up sudo (1.8.10p3-1+deb8u3) ...
Setting up dmidecode (2.12-3) ...
Setting up libpcsclite1:armhf (1.8.13-1) ...
Setting up busybox (1:1.22.0-9+deb8u1) ...
Setting up libsigsegv2:armhf (2.10-4+b1) ...
Setting up libgpm2:armhf (1.20.4-6.1+b2) ...
Setting up install-info (5.2.0.dfsg.1-6) ...
Setting up bash-completion (1:2.1-4) ...
/bin/bash: warning: setlocale: LC_ALL: cannot change locale (en_US.UTF-8)
Setting up libklibc (2.0.4-2) ...
Setting up libv4lconvert0:armhf (1.6.0-2) ...
Setting up gpgv (1.4.18-7+deb8u3) ...
Setting up libasound2-data (1.0.28-1) ...
Setting up libsasl2-modules-db:armhf (2.1.26.dfsg1-13+deb8u1) ...
Setting up liblogging-stdlog0:armhf (1.0.4-1) ...
Setting up linux-libc-dev:armhf (3.16.36-1+deb8u1) ...
Setting up perl-modules (5.20.2-3+deb8u6) ...
Setting up libsasl2-2:armhf (2.1.26.dfsg1-13+deb8u1) ...
Setting up u-boot-tools (2014.10+dfsg1-5) ...
Setting up libtinfo-dev:armhf (5.9+20140913-1+b1) ...
Setting up netcat-traditional (1.10-41) ...
update-alternatives: using /bin/nc.traditional to provide /bin/nc (nc) in auto mode
Setting up apache2-data (2.4.10-10+deb8u7) ...
Setting up libpipeline1:armhf (1.4.0-1) ...
Setting up m4 (1.4.17-4) ...
Setting up hdparm (9.43-2) ...
update-rc.d: warning: start and stop actions are no longer supported; falling back to defaults
Setting up libgeoip1:armhf (1.6.2-4) ...
Setting up iproute2 (3.16.0-2) ...
Setting up libbsd0:armhf (0.7.0-2) ...
Setting up libxml2:armhf (2.9.1+dfsg1-5+deb8u3) ...
Setting up libtasn1-6:armhf (4.2-3+deb8u2) ...
Setting up libasound2:armhf (1.0.28-1) ...
Setting up libfl-dev:armhf (2.5.39-8+deb8u2) ...
Setting up bzip2 (1.0.6-7+b3) ...
Setting up libmagic1:armhf (1:5.22+15-2+deb8u2) ...
Setting up rsync (3.1.1-3) ...
invoke-rc.d: policy-rc.d denied execution of restart.
Setting up usb-modeswitch-data (20150115-1) ...
Setting up libjim0.75:armhf (0.75-1) ...
Setting up perl (5.20.2-3+deb8u6) ...
update-alternatives: using /usr/bin/prename to provide /usr/bin/rename (rename) in auto mode
Setting up hexedit (1.2.13-1) ...
Setting up nano (2.2.6-3) ...
update-alternatives: using /bin/nano to provide /usr/bin/editor (editor) in auto mode
update-alternatives: using /bin/nano to provide /usr/bin/pico (pico) in auto mode
Setting up libgmp10:armhf (2:6.0.0+dfsg-6) ...
Setting up libisc-export95 (1:9.9.5.dfsg-9+deb8u6) ...
Setting up libssh2-1:armhf (1.4.3-4.1+deb8u1) ...
Setting up patch (2.7.5-1) ...
Setting up init-system-helpers (1.22) ...
Setting up libusb-1.0-0:armhf (2:1.0.19-1) ...
Setting up autotools-dev (20140911.1) ...
Setting up libunistring0:armhf (0.9.3-5.2+b1) ...
Setting up libnettle4:armhf (2.7.1-5+deb8u1) ...
Setting up libuuid-perl (0.05-1+b1) ...
Setting up xz-utils (5.1.1alpha+20120614-2+b3) ...
update-alternatives: using /usr/bin/xz to provide /usr/bin/lzma (lzma) in auto mode
Setting up debian-archive-keyring (2014.3) ...
Setting up libaprutil1:armhf (1.5.4-1) ...
Setting up libisl10:armhf (0.12.2-2) ...
Setting up firmware-ralink (0.43) ...
Setting up libfakeroot:armhf (1.20.2-1) ...
Setting up libusb-1.0-0-dev:armhf (2:1.0.19-1) ...
Setting up openssl (1.0.1t-1+deb8u3) ...
Setting up vim-common (2:7.4.488-7) ...
Setting up liblwres90 (1:9.9.5.dfsg-9+deb8u6) ...
Setting up libsqlite3-0:armhf (3.8.7.1-1+deb8u2) ...
Setting up libbison-dev:armhf (2:3.0.2.dfsg-2) ...
Setting up firmware-atheros (0.43) ...
Setting up libiw30:armhf (30~pre9-8) ...
Setting up libmpfr4:armhf (3.1.2-2) ...
Setting up libcloog-isl4:armhf (0.18.2-1+b2) ...
Setting up libnfnetlink0:armhf (1.0.1-3) ...
Setting up vim-runtime (2:7.4.488-7) ...
Processing /usr/share/vim/addons/doc
Setting up libmpc3:armhf (1.0.2-1) ...
Setting up libstdc++6:armhf (4.9.2-10) ...
Setting up lzma (9.22-2) ...
update-alternatives: using /usr/bin/lzmp to provide /usr/bin/lzma (lzma) in auto mode
Setting up binutils (2.25-5) ...
Setting up libffi6:armhf (3.1-2+b2) ...
Setting up liblua5.1-0:armhf (5.1.5-7.1) ...
Setting up libc-dev-bin (2.19-18+deb8u6) ...
Setting up screen (4.2.1-3+deb8u1) ...
locale: Cannot set LC_CTYPE to default locale: No such file or directory
locale: Cannot set LC_MESSAGES to default locale: No such file or directory
locale: Cannot set LC_ALL to default locale: No such file or directory
Setting up bison (2:3.0.2.dfsg-2) ...
update-alternatives: using /usr/bin/bison.yacc to provide /usr/bin/yacc (yacc) in auto mode
Setting up libcap-ng0:armhf (0.7.4-2) ...
Setting up libkeyutils1:armhf (1.5.9-5+b1) ...
Setting up libnewt0.52:armhf (0.52.17-1+b1) ...
Setting up htop (1.0.3-1) ...
Setting up bsdmainutils (9.0.6) ...
update-alternatives: using /usr/bin/bsd-write to provide /usr/bin/write (write) in auto mode
update-alternatives: using /usr/bin/bsd-from to provide /usr/bin/from (from) in auto mode
Setting up libevent-2.0-5:armhf (2.0.21-stable-2) ...
Setting up libsamplerate0:armhf (0.1.8-8) ...
Setting up libnl-3-200:armhf (3.2.24-2) ...
Setting up libpython2.7-minimal:armhf (2.7.9-2+deb8u1) ...
Setting up net-tools (1.60-26+b1) ...
Setting up ca-certificates (20141019+deb8u1) ...
locale: Cannot set LC_CTYPE to default locale: No such file or directory
locale: Cannot set LC_MESSAGES to default locale: No such file or directory
locale: Cannot set LC_ALL to default locale: No such file or directory
Setting up libc6-dev:armhf (2.19-18+deb8u6) ...
Setting up cron (3.0pl1-127+deb8u1) ...
Adding group `crontab' (GID 107) ...
Done.
update-rc.d: warning: start and stop actions are no longer supported; falling back to defaults
invoke-rc.d: policy-rc.d denied execution of start.
Setting up libmnl0:armhf (1.0.3-5) ...
Setting up libapt-pkg4.12:armhf (1.0.9.8.3) ...
Setting up libusb-0.1-4:armhf (2:0.1.12-25) ...
Setting up locales (2.19-18+deb8u6) ...
Generating locales (this might take a while)...
Generation complete.
Setting up traceroute (1:2.0.20-2+b1) ...
update-alternatives: using /usr/bin/traceroute.db to provide /usr/bin/traceroute (traceroute) in auto mode
update-alternatives: using /usr/bin/traceroute6.db to provide /usr/bin/traceroute6 (traceroute6) in auto mode
update-alternatives: using /usr/bin/lft.db to provide /usr/bin/lft (lft) in auto mode
update-alternatives: using /usr/bin/traceproto.db to provide /usr/bin/traceproto (traceproto) in auto mode
update-alternatives: using /usr/sbin/tcptraceroute.db to provide /usr/sbin/tcptraceroute (tcptraceroute) in auto mode
Setting up rfkill (0.5-1) ...
Setting up logrotate (3.8.7-1+b1) ...
Setting up libcpufreq0 (008-1) ...
Setting up libidn11:armhf (1.29-1+deb8u2) ...
Setting up libdbus-1-3:armhf (1.8.20-0+deb8u1) ...
Setting up libreadline6:armhf (6.3-8+b3) ...
Setting up liblzo2-2:armhf (2.08-1.2) ...
Setting up libjson-c2:armhf (0.11-4) ...
Setting up libwrap0:armhf (7.6.q-25) ...
Setting up libavahi-common-data:armhf (0.6.31-5) ...
Setting up libicu52:armhf (52.1-8+deb8u3) ...
Setting up libpcap0.8:armhf (1.6.2-2) ...
Setting up netbase (5.3) ...
Setting up libedit2:armhf (3.1-20140620-2) ...
Setting up vim-tiny (2:7.4.488-7) ...
update-alternatives: using /usr/bin/vim.tiny to provide /usr/bin/rview (rview) in auto mode
update-alternatives: using /usr/bin/vim.tiny to provide /usr/bin/vi (vi) in auto mode
update-alternatives: using /usr/bin/vim.tiny to provide /usr/bin/view (view) in auto mode
update-alternatives: using /usr/bin/vim.tiny to provide /usr/bin/ex (ex) in auto mode
Setting up udhcpd (1:1.22.0-9+deb8u1) ...
invoke-rc.d: policy-rc.d denied execution of start.
Setting up klibc-utils (2.0.4-2) ...
Setting up iperf (2.0.5+dfsg1-2) ...
Setting up libperl4-corelibs-perl (0.003-1) ...
Setting up libhogweed2:armhf (2.7.1-5+deb8u1) ...
Setting up ifupdown (0.7.53.1) ...
Creating /etc/network/interfaces.
Setting up info (5.2.0.dfsg.1-6) ...
update-alternatives: using /usr/bin/info to provide /usr/bin/infobrowser (infobrowser) in auto mode
Setting up wireless-tools (30~pre9-8) ...
Setting up ppp (2.4.6-3.1) ...
Setting up libisccfg-export90 (1:9.9.5.dfsg-9+deb8u6) ...
Setting up lzop (1.03-3) ...
Setting up libsigc++-2.0-0c2a:armhf (2.4.0-1) ...
Setting up liberror-perl (0.17-1.1) ...
Setting up libv4l-0:armhf (1.6.0-2) ...
Setting up libaprutil1-dbd-sqlite3:armhf (1.5.4-1) ...
Setting up flex (2.5.39-8+deb8u2) ...
Setting up libtimedate-perl (2.3000-2) ...
Setting up vim (2:7.4.488-7) ...
update-alternatives: using /usr/bin/vim.basic to provide /usr/bin/vim (vim) in auto mode
update-alternatives: using /usr/bin/vim.basic to provide /usr/bin/vimdiff (vimdiff) in auto mode
update-alternatives: using /usr/bin/vim.basic to provide /usr/bin/rvim (rvim) in auto mode
update-alternatives: using /usr/bin/vim.basic to provide /usr/bin/rview (rview) in auto mode
update-alternatives: using /usr/bin/vim.basic to provide /usr/bin/vi (vi) in auto mode
update-alternatives: using /usr/bin/vim.basic to provide /usr/bin/view (view) in auto mode
update-alternatives: using /usr/bin/vim.basic to provide /usr/bin/ex (ex) in auto mode
Setting up i2c-tools (3.1.1-1) ...
Setting up apache2-utils (2.4.10-10+deb8u7) ...
Setting up lsof (4.86+dfsg-1) ...
Setting up libubsan0:armhf (4.9.2-10) ...
Setting up groff-base (1.22.2-8) ...
Setting up liblognorm1:armhf (1.0.1-3) ...
Setting up libglib2.0-0:armhf (2.42.1-1+b1) ...
No schema files found: doing nothing.
Setting up whiptail (0.52.17-1+b1) ...
Setting up libasprintf0c2:armhf (0.19.3-2) ...
Setting up linux-base (3.5) ...
locale: Cannot set LC_CTYPE to default locale: No such file or directory
locale: Cannot set LC_MESSAGES to default locale: No such file or directory
locale: Cannot set LC_ALL to default locale: No such file or directory
Setting up gnupg (1.4.18-7+deb8u3) ...
Setting up v4l-utils (1.6.0-2) ...
Setting up libdpkg-perl (1.17.27) ...
Setting up libpsl0:armhf (0.5.1-1) ...
Setting up libboost-iostreams1.55.0:armhf (1.55.0+dfsg-3) ...
Setting up libnl-genl-3-200:armhf (3.2.24-2) ...
Setting up gettext-base (0.19.3-2) ...
Setting up libnl-route-3-200:armhf (3.2.24-2) ...
Setting up ssl-cert (1.0.35) ...
locale: Cannot set LC_CTYPE to default locale: No such file or directory
locale: Cannot set LC_MESSAGES to default locale: No such file or directory
locale: Cannot set LC_ALL to default locale: No such file or directory
/bin/bash: warning: setlocale: LC_ALL: cannot change locale (en_US.UTF-8)
hostname: Name or service not known
make-ssl-cert: Could not get FQDN, using "a6-imx6q-wandboard-2gb".
make-ssl-cert: You may want to fix your /etc/hosts and/or DNS setup and run
make-ssl-cert: make-ssl-cert generate-default-snakeoil --force-overwrite
make-ssl-cert: again.
Setting up autoconf (2.69-8) ...
Setting up initramfs-tools (0.120+deb8u2) ...
update-initramfs: deferring update (trigger activated)
Setting up cpp-4.9 (4.9.2-10) ...
Setting up lshw (02.17-1.1) ...
Setting up file (1:5.22+15-2+deb8u2) ...
Setting up libdns-export100 (1:9.9.5.dfsg-9+deb8u6) ...
Setting up fakeroot (1.20.2-1) ...
update-alternatives: using /usr/bin/fakeroot-sysv to provide /usr/bin/fakeroot (fakeroot) in auto mode
Setting up usbutils (1:007-2) ...
Setting up libkrb5support0:armhf (1.12.1+dfsg-19+deb8u2) ...
Setting up libisc95 (1:9.9.5.dfsg-9+deb8u6) ...
Setting up libcroco3:armhf (0.6.8-3+b1) ...
Setting up libncurses5-dev:armhf (5.9+20140913-1+b1) ...
Setting up pkg-config (0.28-1) ...
Setting up dpkg-dev (1.17.27) ...
Setting up usb-modeswitch (2.2.0+repack0-2) ...
Setting up alsa-utils (1.0.28-1) ...
Setting up iptables (1.4.21-2+b1) ...
Setting up libapt-inst1.5:armhf (1.0.9.8.3) ...
Setting up libwvstreams4.6-base (4.6.1-7) ...
Setting up libasan1:armhf (4.9.2-10) ...
Setting up libp11-kit0:armhf (0.20.7-1) ...
Setting up libgnutls-deb0-28:armhf (3.3.8-6+deb8u3) ...
Setting up libgcc-4.9-dev:armhf (4.9.2-10) ...
Setting up automake (1:1.14.1-4+deb8u1) ...
update-alternatives: using /usr/bin/automake-1.14 to provide /usr/bin/automake (automake) in auto mode
Setting up wget (1.16-1+deb8u1) ...
Setting up tmux (1.9-6) ...
Setting up apt (1.0.9.8.3) ...
Setting up man-db (2.7.0.2-5) ...
locale: Cannot set LC_CTYPE to default locale: No such file or directory
locale: Cannot set LC_MESSAGES to default locale: No such file or directory
locale: Cannot set LC_ALL to default locale: No such file or directory
Building database of manual pages ...
Setting up libavahi-common3:armhf (0.6.31-5) ...
Setting up iw (3.17-1) ...
Setting up dbus (1.8.20-0+deb8u1) ...
invoke-rc.d: policy-rc.d denied execution of start.
Setting up bc (1.06.95-9) ...
Setting up libnetfilter-acct1:armhf (1.0.2-1.1) ...
Setting up bluez (5.23-2+b1) ...
invoke-rc.d: policy-rc.d denied execution of force-reload.
invoke-rc.d: policy-rc.d denied execution of start.
Setting up cpufrequtils (008-1) ...
locale: Cannot set LC_CTYPE to default locale: No such file or directory
locale: Cannot set LC_MESSAGES to default locale: No such file or directory
locale: Cannot set LC_ALL to default locale: No such file or directory
update-rc.d: warning: start and stop actions are no longer supported; falling back to defaults
invoke-rc.d: policy-rc.d denied execution of start.
update-rc.d: warning: start and stop actions are no longer supported; falling back to defaults
invoke-rc.d: policy-rc.d denied execution of start.
Setting up libpython2.7-stdlib:armhf (2.7.9-2+deb8u1) ...
Setting up rsyslog (8.4.2-1+deb8u2) ...
invoke-rc.d: policy-rc.d denied execution of start.
Setting up libstdc++-4.9-dev:armhf (4.9.2-10) ...
Setting up libavahi-core7:armhf (0.6.31-5) ...
Setting up cpp (4:4.9.2-2) ...
Setting up libdbus-1-dev:armhf (1.8.20-0+deb8u1) ...
Setting up libisccc90 (1:9.9.5.dfsg-9+deb8u6) ...
Setting up libk5crypto3:armhf (1.12.1+dfsg-19+deb8u2) ...
Setting up nfacct (1.0.1-1.1) ...
Setting up gettext (0.19.3-2) ...
Setting up gcc-4.9 (4.9.2-10) ...
Setting up apt-utils (1.0.9.8.3) ...
Setting up hostapd (1:2.3-1+deb8u4) ...
invoke-rc.d: policy-rc.d denied execution of start.
Setting up wpasupplicant (2.3-1+deb8u4) ...
Setting up libirs-export91 (1:9.9.5.dfsg-9+deb8u6) ...
Setting up librtmp1:armhf (2.4+20150115.gita107cef-1) ...
Setting up gcc (4:4.9.2-2) ...
Setting up intltool-debian (0.35.0+20060710.1) ...
Setting up libwvstreams4.6-extras (4.6.1-7) ...
Setting up bluetooth (5.23-2) ...
Setting up libldap-2.4-2:armhf (2.4.40+dfsg-1+deb8u2) ...
Setting up libgnutls-openssl27:armhf (3.3.8-6+deb8u3) ...
Setting up libpython2.7:armhf (2.7.9-2+deb8u1) ...
Setting up g++-4.9 (4.9.2-10) ...
Setting up connman (1.21-1.2) ...
invoke-rc.d: policy-rc.d denied execution of start.
Setting up g++ (4:4.9.2-2) ...
update-alternatives: using /usr/bin/g++ to provide /usr/bin/c++ (c++) in auto mode
Setting up libkrb5-3:armhf (1.12.1+dfsg-19+deb8u2) ...
Setting up gdb (7.7.1+dfsg-5) ...
Setting up libuniconf4.6 (4.6.1-7) ...
Setting up libaprutil1-ldap:armhf (1.5.4-1) ...
Setting up iputils-ping (3:20121221-5+b2) ...
Setcap worked! Ping(6) is not suid!
Setting up libtool (2.4.2-1.11) ...
Setting up po-debconf (1.0.16+nmu3) ...
Setting up isc-dhcp-common (4.3.1-6+deb8u2) ...
Setting up build-essential (11.7) ...
Setting up apache2-bin (2.4.10-10+deb8u7) ...
Setting up wvdial (1.61-4.1) ...
locale: Cannot set LC_CTYPE to default locale: No such file or directory
locale: Cannot set LC_MESSAGES to default locale: No such file or directory
locale: Cannot set LC_ALL to default locale: No such file or directory

Sorry.  You can retry the autodetection at any time by running "wvdialconf".
   (Or you can create /etc/wvdial.conf yourself.)
Setting up isc-dhcp-client (4.3.1-6+deb8u2) ...
locale: Cannot set LC_CTYPE to default locale: No such file or directory
locale: Cannot set LC_MESSAGES to default locale: No such file or directory
locale: Cannot set LC_ALL to default locale: No such file or directory
Setting up libgssapi-krb5-2:armhf (1.12.1+dfsg-19+deb8u2) ...
Setting up openssh-client (1:6.7p1-5+deb8u3) ...
Setting up libdns100 (1:9.9.5.dfsg-9+deb8u6) ...
Setting up debhelper (9.20150101+deb8u2) ...
Setting up apache2 (2.4.10-10+deb8u7) ...
/bin/bash: warning: setlocale: LC_ALL: cannot change locale (en_US.UTF-8)
Enabling module mpm_event.
Enabling module authz_core.
Enabling module authz_host.
Enabling module authn_core.
Enabling module auth_basic.
Enabling module access_compat.
Enabling module authn_file.
Enabling module authz_user.
Enabling module alias.
Enabling module dir.
Enabling module autoindex.
Enabling module env.
Enabling module mime.
Enabling module negotiation.
Enabling module setenvif.
Enabling module filter.
Enabling module deflate.
Enabling module status.
Enabling conf charset.
Enabling conf localized-error-pages.
Enabling conf other-vhosts-access-log.
Enabling conf security.
Enabling conf serve-cgi-bin.
Enabling site 000-default.
invoke-rc.d: policy-rc.d denied execution of start.
Setting up libcurl3:armhf (7.38.0-4+deb8u4) ...
Setting up libcurl3-gnutls:armhf (7.38.0-4+deb8u4) ...
Setting up libisccfg90 (1:9.9.5.dfsg-9+deb8u6) ...
Setting up libbind9-90 (1:9.9.5.dfsg-9+deb8u6) ...
Setting up openssh-sftp-server (1:6.7p1-5+deb8u3) ...
Setting up git (1:2.1.4-2.1+deb8u2) ...
Setting up bind9-host (1:9.9.5.dfsg-9+deb8u6) ...
Setting up apt-transport-https (1.0.9.8.3) ...
Setting up curl (7.38.0-4+deb8u4) ...
Setting up avahi-daemon (0.6.31-5) ...
invoke-rc.d: policy-rc.d denied execution of force-reload.
invoke-rc.d: policy-rc.d denied execution of start.
Setting up openssh-server (1:6.7p1-5+deb8u3) ...
locale: Cannot set LC_CTYPE to default locale: No such file or directory
locale: Cannot set LC_MESSAGES to default locale: No such file or directory
locale: Cannot set LC_ALL to default locale: No such file or directory
Creating SSH2 RSA key; this may take some time ...
2048 97:46:ce:43:e4:ff:85:f9:2d:f3:9c:4d:0f:2b:56:cb /etc/ssh/ssh_host_rsa_key.pub (RSA)
Creating SSH2 DSA key; this may take some time ...
1024 ad:69:13:2f:cd:c2:76:35:b7:a2:2a:e9:1d:a3:91:84 /etc/ssh/ssh_host_dsa_key.pub (DSA)
Creating SSH2 ECDSA key; this may take some time ...
256 80:63:8d:ac:09:3f:56:07:af:11:24:c1:23:2c:b3:bd /etc/ssh/ssh_host_ecdsa_key.pub (ECDSA)
Creating SSH2 ED25519 key; this may take some time ...
256 53:b2:da:4f:06:12:cb:0b:f2:a5:60:f6:31:46:2f:17 /etc/ssh/ssh_host_ed25519_key.pub (ED25519)
invoke-rc.d: policy-rc.d denied execution of start.
Setting up git-core (1:2.1.4-2.1+deb8u2) ...
Setting up libnss-mdns:armhf (0.10-6) ...
First installation detected...
Checking NSS setup...
Setting up tasksel (3.31+deb8u1) ...
locale: Cannot set LC_CTYPE to default locale: No such file or directory
locale: Cannot set LC_MESSAGES to default locale: No such file or directory
locale: Cannot set LC_ALL to default locale: No such file or directory
Setting up tasksel-data (3.31+deb8u1) ...
Processing triggers for libc-bin (2.19-18+deb8u6) ...
Processing triggers for systemd (215-17+deb8u5) ...
Processing triggers for ca-certificates (20141019+deb8u1) ...
Updating certificates in /etc/ssl/certs... 174 added, 0 removed; done.
Running hooks in /etc/ca-certificates/update.d....done.
Processing triggers for initramfs-tools (0.120+deb8u2) ...
Processing triggers for dbus (1.8.20-0+deb8u1) ...
