[Thu Oct 20 18:47:17.530303 2016] [mpm_event:notice] [pid 1185:tid 3069370368] AH00489: Apache/2.4.10 (Debian) configured -- resuming normal operations
[Thu Oct 20 18:47:17.571177 2016] [core:notice] [pid 1185:tid 3069370368] AH00094: Command line: '/usr/sbin/apache2'
[Thu Oct 20 18:48:50.056819 2016] [mpm_event:notice] [pid 1185:tid 3069370368] AH00491: caught SIGTERM, shutting down
[Thu Oct 20 18:47:18.333827 2016] [mpm_event:notice] [pid 1269:tid 3069489152] AH00489: Apache/2.4.10 (Debian) configured -- resuming normal operations
[Thu Oct 20 18:47:18.375704 2016] [core:notice] [pid 1269:tid 3069489152] AH00094: Command line: '/usr/sbin/apache2'
[Thu Oct 20 18:47:18.183856 2016] [mpm_event:notice] [pid 1271:tid 3069329408] AH00489: Apache/2.4.10 (Debian) configured -- resuming normal operations
[Thu Oct 20 18:47:18.185601 2016] [core:notice] [pid 1271:tid 3069329408] AH00094: Command line: '/usr/sbin/apache2'
[Thu Oct 20 18:47:18.285416 2016] [mpm_event:notice] [pid 1272:tid 3069468672] AH00489: Apache/2.4.10 (Debian) configured -- resuming normal operations
[Thu Oct 20 18:47:18.321700 2016] [core:notice] [pid 1272:tid 3069468672] AH00094: Command line: '/usr/sbin/apache2'
[Thu Oct 20 19:11:29.533719 2016] [mpm_event:notice] [pid 1272:tid 3069468672] AH00491: caught SIGTERM, shutting down
[Thu Oct 20 18:47:18.232649 2016] [mpm_event:notice] [pid 1274:tid 3069345792] AH00489: Apache/2.4.10 (Debian) configured -- resuming normal operations
[Thu Oct 20 18:47:18.274186 2016] [core:notice] [pid 1274:tid 3069345792] AH00094: Command line: '/usr/sbin/apache2'
[Thu Oct 20 18:47:47.232829 2016] [mpm_event:notice] [pid 1274:tid 3069345792] AH00491: caught SIGTERM, shutting down
[Thu Oct 20 18:47:18.314273 2016] [mpm_event:notice] [pid 1274:tid 3069423616] AH00489: Apache/2.4.10 (Debian) configured -- resuming normal operations
[Thu Oct 20 18:47:18.360062 2016] [core:notice] [pid 1274:tid 3069423616] AH00094: Command line: '/usr/sbin/apache2'
[Thu Oct 20 19:17:22.662047 2016] [mpm_event:notice] [pid 1274:tid 3069423616] AH00491: caught SIGTERM, shutting down
[Thu Oct 20 18:47:18.386335 2016] [mpm_event:notice] [pid 1268:tid 3069988864] AH00489: Apache/2.4.10 (Debian) configured -- resuming normal operations
[Thu Oct 20 18:47:18.398621 2016] [core:notice] [pid 1268:tid 3069988864] AH00094: Command line: '/usr/sbin/apache2'
[Thu Oct 20 19:20:08.886282 2016] [mpm_event:notice] [pid 1268:tid 3069988864] AH00491: caught SIGTERM, shutting down
[Thu Oct 20 18:47:18.342559 2016] [mpm_event:notice] [pid 1270:tid 3069730816] AH00489: Apache/2.4.10 (Debian) configured -- resuming normal operations
[Thu Oct 20 18:47:18.355487 2016] [core:notice] [pid 1270:tid 3069730816] AH00094: Command line: '/usr/sbin/apache2'
[Sat Sep 01 07:14:12.059169 2018] [mpm_event:notice] [pid 1270:tid 3069730816] AH00491: caught SIGTERM, shutting down
[Sat Sep 01 07:14:26.387501 2018] [mpm_event:notice] [pid 1270:tid 3070062592] AH00489: Apache/2.4.10 (Debian) configured -- resuming normal operations
[Sat Sep 01 07:14:26.413077 2018] [core:notice] [pid 1270:tid 3070062592] AH00094: Command line: '/usr/sbin/apache2'
[Sat Sep 01 07:14:36.541897 2018] [mpm_event:notice] [pid 1270:tid 3070062592] AH00491: caught SIGTERM, shutting down
[Sat Sep 01 07:14:26.841908 2018] [mpm_event:notice] [pid 1283:tid 3069771776] AH00489: Apache/2.4.10 (Debian) configured -- resuming normal operations
[Sat Sep 01 07:14:26.861890 2018] [core:notice] [pid 1283:tid 3069771776] AH00094: Command line: '/usr/sbin/apache2'
[Sat Sep 01 13:03:12.754204 2018] [mpm_event:notice] [pid 1283:tid 3069771776] AH00491: caught SIGTERM, shutting down
[Sat Sep 01 13:03:27.414910 2018] [mpm_event:notice] [pid 1279:tid 3070083072] AH00489: Apache/2.4.10 (Debian) configured -- resuming normal operations
[Sat Sep 01 13:03:27.446564 2018] [core:notice] [pid 1279:tid 3070083072] AH00094: Command line: '/usr/sbin/apache2'
[Sat Sep 01 13:29:00.112545 2018] [mpm_event:notice] [pid 1279:tid 3070083072] AH00491: caught SIGTERM, shutting down
[Sat Sep 01 13:29:34.102320 2018] [mpm_event:notice] [pid 1295:tid 3069808640] AH00489: Apache/2.4.10 (Debian) configured -- resuming normal operations
[Sat Sep 01 13:29:34.115704 2018] [core:notice] [pid 1295:tid 3069808640] AH00094: Command line: '/usr/sbin/apache2'
[Sat Sep 01 13:44:21.164358 2018] [mpm_event:notice] [pid 1295:tid 3069808640] AH00491: caught SIGTERM, shutting down
[Sat Sep 01 13:44:36.195957 2018] [mpm_event:notice] [pid 1360:tid 3069669376] AH00489: Apache/2.4.10 (Debian) configured -- resuming normal operations
[Sat Sep 01 13:44:36.207518 2018] [core:notice] [pid 1360:tid 3069669376] AH00094: Command line: '/usr/sbin/apache2'
[Sat Sep 01 14:47:35.120569 2018] [mpm_event:notice] [pid 1360:tid 3069669376] AH00491: caught SIGTERM, shutting down
[Sat Sep 01 14:47:49.703964 2018] [mpm_event:notice] [pid 1306:tid 3070091264] AH00489: Apache/2.4.10 (Debian) configured -- resuming normal operations
[Sat Sep 01 14:47:49.742332 2018] [core:notice] [pid 1306:tid 3070091264] AH00094: Command line: '/usr/sbin/apache2'
[Sat Sep 01 14:48:40.680728 2018] [mpm_event:notice] [pid 1305:tid 3069644800] AH00489: Apache/2.4.10 (Debian) configured -- resuming normal operations
[Sat Sep 01 14:48:40.693752 2018] [core:notice] [pid 1305:tid 3069644800] AH00094: Command line: '/usr/sbin/apache2'
[Sat Sep 01 15:03:40.581307 2018] [mpm_event:notice] [pid 1305:tid 3069644800] AH00491: caught SIGTERM, shutting down
[Sat Sep 01 15:03:55.434674 2018] [mpm_event:notice] [pid 1296:tid 3069255680] AH00489: Apache/2.4.10 (Debian) configured -- resuming normal operations
[Sat Sep 01 15:03:55.479319 2018] [core:notice] [pid 1296:tid 3069255680] AH00094: Command line: '/usr/sbin/apache2'
[Sat Sep 01 20:40:02.256692 2018] [mpm_event:notice] [pid 1296:tid 3069255680] AH00491: caught SIGTERM, shutting down
[Sat Sep 01 20:40:16.593142 2018] [mpm_event:notice] [pid 1302:tid 3069739008] AH00489: Apache/2.4.10 (Debian) configured -- resuming normal operations
[Sat Sep 01 20:40:16.620717 2018] [core:notice] [pid 1302:tid 3069739008] AH00094: Command line: '/usr/sbin/apache2'
[Sat Sep 01 20:41:52.329605 2018] [mpm_event:notice] [pid 1302:tid 3069739008] AH00491: caught SIGTERM, shutting down
[Sat Sep 01 20:40:16.827492 2018] [mpm_event:notice] [pid 1304:tid 3069227008] AH00489: Apache/2.4.10 (Debian) configured -- resuming normal operations
[Sat Sep 01 20:40:16.843272 2018] [core:notice] [pid 1304:tid 3069227008] AH00094: Command line: '/usr/sbin/apache2'
[Sat Sep 01 20:51:18.448906 2018] [mpm_event:notice] [pid 1304:tid 3069227008] AH00491: caught SIGTERM, shutting down
[Sat Sep 01 20:51:32.890625 2018] [mpm_event:notice] [pid 1303:tid 3069923328] AH00489: Apache/2.4.10 (Debian) configured -- resuming normal operations
[Sat Sep 01 20:51:32.911767 2018] [core:notice] [pid 1303:tid 3069923328] AH00094: Command line: '/usr/sbin/apache2'
[Sat Sep 01 20:51:46.937873 2018] [mpm_event:notice] [pid 1303:tid 3069923328] AH00491: caught SIGTERM, shutting down
[Sat Sep 01 20:51:33.085339 2018] [mpm_event:notice] [pid 1311:tid 3070062592] AH00489: Apache/2.4.10 (Debian) configured -- resuming normal operations
[Sat Sep 01 20:51:33.111848 2018] [core:notice] [pid 1311:tid 3070062592] AH00094: Command line: '/usr/sbin/apache2'
[Sat Sep 01 22:06:30.356808 2018] [mpm_event:notice] [pid 1311:tid 3070062592] AH00491: caught SIGTERM, shutting down
[Sat Sep 01 22:06:45.056130 2018] [mpm_event:notice] [pid 1309:tid 3069263872] AH00489: Apache/2.4.10 (Debian) configured -- resuming normal operations
[Sat Sep 01 22:06:45.094542 2018] [core:notice] [pid 1309:tid 3069263872] AH00094: Command line: '/usr/sbin/apache2'
[Sat Sep 01 22:28:10.416372 2018] [mpm_event:notice] [pid 1309:tid 3069263872] AH00491: caught SIGTERM, shutting down
[Sat Sep 01 22:28:25.011333 2018] [mpm_event:notice] [pid 1304:tid 3069542400] AH00489: Apache/2.4.10 (Debian) configured -- resuming normal operations
[Sat Sep 01 22:28:25.033841 2018] [core:notice] [pid 1304:tid 3069542400] AH00094: Command line: '/usr/sbin/apache2'
[Sat Sep 01 22:28:39.642682 2018] [mpm_event:notice] [pid 1304:tid 3069542400] AH00491: caught SIGTERM, shutting down
[Sat Sep 01 22:28:25.413439 2018] [mpm_event:notice] [pid 1315:tid 3069636608] AH00489: Apache/2.4.10 (Debian) configured -- resuming normal operations
[Sat Sep 01 22:28:25.436542 2018] [core:notice] [pid 1315:tid 3069636608] AH00094: Command line: '/usr/sbin/apache2'
[Sat Sep 01 23:05:53.008462 2018] [mpm_event:notice] [pid 1315:tid 3069636608] AH00491: caught SIGTERM, shutting down
[Sat Sep 01 23:06:07.534551 2018] [mpm_event:notice] [pid 1298:tid 3069464576] AH00489: Apache/2.4.10 (Debian) configured -- resuming normal operations
[Sat Sep 01 23:06:07.548462 2018] [core:notice] [pid 1298:tid 3069464576] AH00094: Command line: '/usr/sbin/apache2'
[Sat Sep 01 23:06:36.478660 2018] [mpm_event:notice] [pid 1298:tid 3069464576] AH00491: caught SIGTERM, shutting down
[Sat Sep 01 23:06:07.499889 2018] [mpm_event:notice] [pid 1310:tid 3069816832] AH00489: Apache/2.4.10 (Debian) configured -- resuming normal operations
[Sat Sep 01 23:06:07.541215 2018] [core:notice] [pid 1310:tid 3069816832] AH00094: Command line: '/usr/sbin/apache2'
[Sat Sep 01 23:50:34.059699 2018] [mpm_event:notice] [pid 1310:tid 3069816832] AH00491: caught SIGTERM, shutting down
[Sat Sep 01 23:50:49.151670 2018] [mpm_event:notice] [pid 1301:tid 3069386752] AH00489: Apache/2.4.10 (Debian) configured -- resuming normal operations
[Sat Sep 01 23:50:49.184571 2018] [core:notice] [pid 1301:tid 3069386752] AH00094: Command line: '/usr/sbin/apache2'
[Sun Sep 02 13:07:40.442323 2018] [mpm_event:notice] [pid 1301:tid 3069386752] AH00491: caught SIGTERM, shutting down
[Sun Sep 02 13:07:54.719934 2018] [mpm_event:notice] [pid 1300:tid 3070087168] AH00489: Apache/2.4.10 (Debian) configured -- resuming normal operations
[Sun Sep 02 13:07:54.733534 2018] [core:notice] [pid 1300:tid 3070087168] AH00094: Command line: '/usr/sbin/apache2'
[Sun Sep 02 13:11:43.716797 2018] [mpm_event:notice] [pid 1306:tid 3070156800] AH00489: Apache/2.4.10 (Debian) configured -- resuming normal operations
[Sun Sep 02 13:11:43.735286 2018] [core:notice] [pid 1306:tid 3070156800] AH00094: Command line: '/usr/sbin/apache2'
[Sun Sep 02 13:14:04.175294 2018] [mpm_event:notice] [pid 1306:tid 3070156800] AH00491: caught SIGTERM, shutting down
[Sun Sep 02 13:14:18.826170 2018] [mpm_event:notice] [pid 1305:tid 3069292544] AH00489: Apache/2.4.10 (Debian) configured -- resuming normal operations
[Sun Sep 02 13:14:18.874163 2018] [core:notice] [pid 1305:tid 3069292544] AH00094: Command line: '/usr/sbin/apache2'
[Sun Sep 02 13:17:32.475364 2018] [mpm_event:notice] [pid 1305:tid 3069292544] AH00491: caught SIGTERM, shutting down
[Sun Sep 02 13:17:46.904625 2018] [mpm_event:notice] [pid 1303:tid 3070144512] AH00489: Apache/2.4.10 (Debian) configured -- resuming normal operations
[Sun Sep 02 13:17:46.930130 2018] [core:notice] [pid 1303:tid 3070144512] AH00094: Command line: '/usr/sbin/apache2'
[Sun Sep 02 17:27:22.288968 2018] [mpm_event:notice] [pid 1303:tid 3070144512] AH00491: caught SIGTERM, shutting down
[Sun Sep 02 17:27:36.927759 2018] [mpm_event:notice] [pid 1306:tid 3069362176] AH00489: Apache/2.4.10 (Debian) configured -- resuming normal operations
[Sun Sep 02 17:27:36.934996 2018] [core:notice] [pid 1306:tid 3069362176] AH00094: Command line: '/usr/sbin/apache2'
[Sun Sep 02 17:30:23.056317 2018] [mpm_event:notice] [pid 1306:tid 3069362176] AH00491: caught SIGTERM, shutting down
[Sun Sep 02 17:30:37.769797 2018] [mpm_event:notice] [pid 1300:tid 3069235200] AH00489: Apache/2.4.10 (Debian) configured -- resuming normal operations
[Sun Sep 02 17:30:37.800051 2018] [core:notice] [pid 1300:tid 3069235200] AH00094: Command line: '/usr/sbin/apache2'
[Sun Sep 02 17:31:57.534777 2018] [mpm_event:notice] [pid 1300:tid 3069235200] AH00491: caught SIGTERM, shutting down
[Sun Sep 02 17:32:12.243709 2018] [mpm_event:notice] [pid 1312:tid 3069808640] AH00489: Apache/2.4.10 (Debian) configured -- resuming normal operations
[Sun Sep 02 17:32:12.273914 2018] [core:notice] [pid 1312:tid 3069808640] AH00094: Command line: '/usr/sbin/apache2'
[Sun Sep 02 17:39:22.057771 2018] [mpm_event:notice] [pid 1312:tid 3069808640] AH00491: caught SIGTERM, shutting down
[Sun Sep 02 17:39:36.266489 2018] [mpm_event:notice] [pid 1303:tid 3069190144] AH00489: Apache/2.4.10 (Debian) configured -- resuming normal operations
[Sun Sep 02 17:39:36.311006 2018] [core:notice] [pid 1303:tid 3069190144] AH00094: Command line: '/usr/sbin/apache2'
[Sun Sep 02 17:43:46.530119 2018] [mpm_event:notice] [pid 1303:tid 3069190144] AH00491: caught SIGTERM, shutting down
[Sun Sep 02 17:44:01.158017 2018] [mpm_event:notice] [pid 1306:tid 3069759488] AH00489: Apache/2.4.10 (Debian) configured -- resuming normal operations
[Sun Sep 02 17:44:01.181990 2018] [core:notice] [pid 1306:tid 3069759488] AH00094: Command line: '/usr/sbin/apache2'
[Sun Sep 02 17:59:08.557866 2018] [mpm_event:notice] [pid 1306:tid 3069759488] AH00491: caught SIGTERM, shutting down
[Sun Sep 02 17:59:40.364592 2018] [mpm_event:notice] [pid 1312:tid 3070083072] AH00489: Apache/2.4.10 (Debian) configured -- resuming normal operations
[Sun Sep 02 17:59:40.376919 2018] [core:notice] [pid 1312:tid 3070083072] AH00094: Command line: '/usr/sbin/apache2'
[Sun Sep 02 18:03:49.306240 2018] [mpm_event:notice] [pid 1312:tid 3070083072] AH00491: caught SIGTERM, shutting down
[Sun Sep 02 18:04:03.899462 2018] [mpm_event:notice] [pid 1305:tid 3070021632] AH00489: Apache/2.4.10 (Debian) configured -- resuming normal operations
[Sun Sep 02 18:04:03.915174 2018] [core:notice] [pid 1305:tid 3070021632] AH00094: Command line: '/usr/sbin/apache2'
[Sun Sep 02 18:08:18.122864 2018] [mpm_event:notice] [pid 1305:tid 3070021632] AH00491: caught SIGTERM, shutting down
[Sun Sep 02 18:08:32.716084 2018] [mpm_event:notice] [pid 1306:tid 3069440000] AH00489: Apache/2.4.10 (Debian) configured -- resuming normal operations
[Sun Sep 02 18:08:32.754243 2018] [core:notice] [pid 1306:tid 3069440000] AH00094: Command line: '/usr/sbin/apache2'
[Sun Sep 02 18:09:45.242955 2018] [mpm_event:notice] [pid 1306:tid 3069440000] AH00491: caught SIGTERM, shutting down
[Sun Sep 02 18:08:32.789804 2018] [mpm_event:notice] [pid 1318:tid 3069288448] AH00489: Apache/2.4.10 (Debian) configured -- resuming normal operations
[Sun Sep 02 18:08:32.835699 2018] [core:notice] [pid 1318:tid 3069288448] AH00094: Command line: '/usr/sbin/apache2'
[Sun Sep 02 18:09:09.228940 2018] [mpm_event:notice] [pid 1318:tid 3069288448] AH00491: caught SIGTERM, shutting down
[Sun Sep 02 18:08:32.917447 2018] [mpm_event:notice] [pid 1306:tid 3070177280] AH00489: Apache/2.4.10 (Debian) configured -- resuming normal operations
[Sun Sep 02 18:08:32.945891 2018] [core:notice] [pid 1306:tid 3070177280] AH00094: Command line: '/usr/sbin/apache2'
[Sun Sep 02 18:10:04.509468 2018] [mpm_event:notice] [pid 1306:tid 3070177280] AH00491: caught SIGTERM, shutting down
[Sun Sep 02 18:08:32.812426 2018] [mpm_event:notice] [pid 1312:tid 3069902848] AH00489: Apache/2.4.10 (Debian) configured -- resuming normal operations
[Sun Sep 02 18:08:32.833086 2018] [core:notice] [pid 1312:tid 3069902848] AH00094: Command line: '/usr/sbin/apache2'
[Tue Sep 04 10:25:46.342572 2018] [mpm_event:notice] [pid 1310:tid 3069546496] AH00489: Apache/2.4.10 (Debian) configured -- resuming normal operations
[Tue Sep 04 10:25:46.353890 2018] [core:notice] [pid 1310:tid 3069546496] AH00094: Command line: '/usr/sbin/apache2'
[Tue Sep 04 10:39:25.967163 2018] [mpm_event:notice] [pid 1310:tid 3069546496] AH00491: caught SIGTERM, shutting down
[Tue Sep 04 10:39:41.851247 2018] [mpm_event:notice] [pid 1332:tid 3070173184] AH00489: Apache/2.4.10 (Debian) configured -- resuming normal operations
[Tue Sep 04 10:39:41.882803 2018] [core:notice] [pid 1332:tid 3070173184] AH00094: Command line: '/usr/sbin/apache2'
[Tue Sep 04 10:44:51.406179 2018] [mpm_event:notice] [pid 1332:tid 3070173184] AH00491: caught SIGTERM, shutting down
[Tue Sep 04 10:39:40.769943 2018] [mpm_event:notice] [pid 1302:tid 3069714432] AH00489: Apache/2.4.10 (Debian) configured -- resuming normal operations
[Tue Sep 04 10:39:40.772084 2018] [core:notice] [pid 1302:tid 3069714432] AH00094: Command line: '/usr/sbin/apache2'
[Tue Sep 04 10:43:13.214482 2018] [mpm_event:notice] [pid 1302:tid 3069714432] AH00491: caught SIGTERM, shutting down
[Tue Sep 04 10:39:40.510567 2018] [mpm_event:notice] [pid 1303:tid 3069161472] AH00489: Apache/2.4.10 (Debian) configured -- resuming normal operations
[Tue Sep 04 10:39:40.539341 2018] [core:notice] [pid 1303:tid 3069161472] AH00094: Command line: '/usr/sbin/apache2'
[Tue Sep 04 10:44:29.315300 2018] [mpm_event:notice] [pid 1303:tid 3069161472] AH00491: caught SIGTERM, shutting down
[Tue Sep 04 10:39:40.500809 2018] [mpm_event:notice] [pid 1303:tid 3069845504] AH00489: Apache/2.4.10 (Debian) configured -- resuming normal operations
[Tue Sep 04 10:39:40.524110 2018] [core:notice] [pid 1303:tid 3069845504] AH00094: Command line: '/usr/sbin/apache2'
[Tue Sep 04 10:42:50.883094 2018] [mpm_event:notice] [pid 1303:tid 3069845504] AH00491: caught SIGTERM, shutting down
[Tue Sep 04 10:39:40.801987 2018] [mpm_event:notice] [pid 1305:tid 3069456384] AH00489: Apache/2.4.10 (Debian) configured -- resuming normal operations
[Tue Sep 04 10:39:40.815857 2018] [core:notice] [pid 1305:tid 3069456384] AH00094: Command line: '/usr/sbin/apache2'
[Tue Sep 04 10:52:23.030326 2018] [mpm_event:notice] [pid 1305:tid 3069456384] AH00491: caught SIGTERM, shutting down
[Tue Sep 04 10:39:40.614318 2018] [mpm_event:notice] [pid 1304:tid 3069837312] AH00489: Apache/2.4.10 (Debian) configured -- resuming normal operations
[Tue Sep 04 10:39:40.652124 2018] [core:notice] [pid 1304:tid 3069837312] AH00094: Command line: '/usr/sbin/apache2'
[Tue Sep 04 10:42:58.584731 2018] [mpm_event:notice] [pid 1304:tid 3069837312] AH00491: caught SIGTERM, shutting down
[Tue Sep 04 10:39:41.316628 2018] [mpm_event:notice] [pid 1306:tid 3069243392] AH00489: Apache/2.4.10 (Debian) configured -- resuming normal operations
[Tue Sep 04 10:39:41.349188 2018] [core:notice] [pid 1306:tid 3069243392] AH00094: Command line: '/usr/sbin/apache2'
